{"/home/travis/build/npmtest/node-npmtest-shell/test.js":{"path":"/home/travis/build/npmtest/node-npmtest-shell/test.js","s":{"1":2,"2":2,"3":2,"4":2,"5":2,"6":2,"7":2,"8":1,"9":2,"10":2,"11":1,"12":1,"13":1,"14":1,"15":2,"16":2,"17":2,"18":2,"19":1,"20":1,"21":2,"22":2,"23":2,"24":1,"25":1,"26":1,"27":1,"28":1,"29":1,"30":1,"31":1,"32":1,"33":1,"34":1,"35":1,"36":1,"37":1,"38":1,"39":2,"40":2,"41":1,"42":2,"43":2,"44":1,"45":2,"46":2,"47":1,"48":2,"49":2,"50":1,"51":1,"52":1,"53":1,"54":1},"b":{"1":[2,1,1,1],"2":[1,1,1,1],"3":[1,1],"4":[1,1],"5":[1,1],"6":[1,1],"7":[1,1],"8":[1,1],"9":[1,1],"10":[1,1,1],"11":[1,1],"12":[1,1],"13":[1,1],"14":[1,1],"15":[1,1],"16":[1,1],"17":[1,1]},"f":{"1":2,"2":2,"3":2,"4":2,"5":2,"6":1,"7":1,"8":1,"9":2,"10":2,"11":2,"12":2,"13":1},"fnMap":{"1":{"name":"(anonymous_1)","line":12,"loc":{"start":{"line":12,"column":1},"end":{"line":12,"column":13}}},"2":{"name":"(anonymous_2)","line":19,"loc":{"start":{"line":19,"column":5},"end":{"line":19,"column":17}}},"3":{"name":"(anonymous_3)","line":23,"loc":{"start":{"line":23,"column":24},"end":{"line":23,"column":36}}},"4":{"name":"(anonymous_4)","line":61,"loc":{"start":{"line":61,"column":5},"end":{"line":61,"column":17}}},"5":{"name":"(anonymous_5)","line":82,"loc":{"start":{"line":82,"column":5},"end":{"line":82,"column":17}}},"6":{"name":"(anonymous_6)","line":91,"loc":{"start":{"line":91,"column":77},"end":{"line":94,"column":10}}},"7":{"name":"(anonymous_7)","line":112,"loc":{"start":{"line":112,"column":83},"end":{"line":115,"column":10}},"skip":true},"8":{"name":"(anonymous_8)","line":123,"loc":{"start":{"line":123,"column":77},"end":{"line":126,"column":10}},"skip":true},"9":{"name":"(anonymous_9)","line":139,"loc":{"start":{"line":139,"column":12},"end":{"line":139,"column":40}},"skip":true},"10":{"name":"(anonymous_10)","line":147,"loc":{"start":{"line":147,"column":77},"end":{"line":150,"column":10}},"skip":true},"11":{"name":"(anonymous_11)","line":158,"loc":{"start":{"line":158,"column":83},"end":{"line":161,"column":10}},"skip":true},"12":{"name":"(anonymous_12)","line":169,"loc":{"start":{"line":169,"column":79},"end":{"line":172,"column":10}},"skip":true},"13":{"name":"(anonymous_13)","line":180,"loc":{"start":{"line":180,"column":75},"end":{"line":183,"column":10}},"skip":true}},"statementMap":{"1":{"start":{"line":12,"column":0},"end":{"line":195,"column":5}},"2":{"start":{"line":14,"column":4},"end":{"line":14,"column":14}},"3":{"start":{"line":19,"column":4},"end":{"line":56,"column":9}},"4":{"start":{"line":21,"column":8},"end":{"line":21,"column":19}},"5":{"start":{"line":23,"column":8},"end":{"line":35,"column":13}},"6":{"start":{"line":24,"column":12},"end":{"line":34,"column":13}},"7":{"start":{"line":25,"column":16},"end":{"line":28,"column":30}},"8":{"start":{"line":30,"column":16},"end":{"line":33,"column":27}},"9":{"start":{"line":37,"column":8},"end":{"line":39,"column":21}},"10":{"start":{"line":40,"column":8},"end":{"line":53,"column":9}},"11":{"start":{"line":43,"column":12},"end":{"line":46,"column":14}},"12":{"start":{"line":47,"column":12},"end":{"line":47,"column":18}},"13":{"start":{"line":50,"column":12},"end":{"line":51,"column":33}},"14":{"start":{"line":52,"column":12},"end":{"line":52,"column":18}},"15":{"start":{"line":55,"column":8},"end":{"line":55,"column":35}},"16":{"start":{"line":61,"column":4},"end":{"line":63,"column":9}},"17":{"start":{"line":62,"column":8},"end":{"line":62,"column":15}},"18":{"start":{"line":64,"column":4},"end":{"line":77,"column":5}},"19":{"start":{"line":70,"column":8},"end":{"line":70,"column":14}},"20":{"start":{"line":76,"column":8},"end":{"line":76,"column":14}},"21":{"start":{"line":82,"column":4},"end":{"line":84,"column":9}},"22":{"start":{"line":83,"column":8},"end":{"line":83,"column":15}},"23":{"start":{"line":85,"column":4},"end":{"line":194,"column":5}},"24":{"start":{"line":91,"column":8},"end":{"line":99,"column":10}},"25":{"start":{"line":98,"column":12},"end":{"line":98,"column":35}},"26":{"start":{"line":102,"column":8},"end":{"line":104,"column":63}},"27":{"start":{"line":105,"column":8},"end":{"line":105,"column":14}},"28":{"start":{"line":112,"column":8},"end":{"line":121,"column":10},"skip":true},"29":{"start":{"line":119,"column":12},"end":{"line":119,"column":55},"skip":true},"30":{"start":{"line":120,"column":12},"end":{"line":120,"column":48},"skip":true},"31":{"start":{"line":123,"column":8},"end":{"line":136,"column":10},"skip":true},"32":{"start":{"line":130,"column":12},"end":{"line":130,"column":76},"skip":true},"33":{"start":{"line":131,"column":12},"end":{"line":131,"column":73},"skip":true},"34":{"start":{"line":132,"column":12},"end":{"line":132,"column":74},"skip":true},"35":{"start":{"line":133,"column":12},"end":{"line":133,"column":79},"skip":true},"36":{"start":{"line":134,"column":12},"end":{"line":134,"column":25},"skip":true},"37":{"start":{"line":135,"column":12},"end":{"line":135,"column":45},"skip":true},"38":{"start":{"line":138,"column":8},"end":{"line":145,"column":14},"skip":true},"39":{"start":{"line":143,"column":16},"end":{"line":143,"column":29},"skip":true},"40":{"start":{"line":144,"column":16},"end":{"line":144,"column":55},"skip":true},"41":{"start":{"line":147,"column":8},"end":{"line":156,"column":10},"skip":true},"42":{"start":{"line":154,"column":12},"end":{"line":154,"column":25},"skip":true},"43":{"start":{"line":155,"column":12},"end":{"line":155,"column":45},"skip":true},"44":{"start":{"line":158,"column":8},"end":{"line":167,"column":10},"skip":true},"45":{"start":{"line":165,"column":12},"end":{"line":165,"column":25},"skip":true},"46":{"start":{"line":166,"column":12},"end":{"line":166,"column":48},"skip":true},"47":{"start":{"line":169,"column":8},"end":{"line":178,"column":10},"skip":true},"48":{"start":{"line":176,"column":12},"end":{"line":176,"column":25},"skip":true},"49":{"start":{"line":177,"column":12},"end":{"line":177,"column":46},"skip":true},"50":{"start":{"line":180,"column":8},"end":{"line":189,"column":10},"skip":true},"51":{"start":{"line":187,"column":12},"end":{"line":187,"column":94},"skip":true},"52":{"start":{"line":188,"column":12},"end":{"line":188,"column":48},"skip":true},"53":{"start":{"line":192,"column":8},"end":{"line":192,"column":35},"skip":true},"54":{"start":{"line":193,"column":8},"end":{"line":193,"column":14},"skip":true}},"branchMap":{"1":{"line":25,"type":"binary-expr","locations":[{"start":{"line":25,"column":23},"end":{"line":25,"column":62}},{"start":{"line":26,"column":20},"end":{"line":26,"column":70}},{"start":{"line":27,"column":20},"end":{"line":27,"column":71}},{"start":{"line":28,"column":20},"end":{"line":28,"column":29}}]},"2":{"line":30,"type":"binary-expr","locations":[{"start":{"line":30,"column":23},"end":{"line":30,"column":37}},{"start":{"line":31,"column":20},"end":{"line":31,"column":61}},{"start":{"line":32,"column":20},"end":{"line":32,"column":70}},{"start":{"line":33,"column":20},"end":{"line":33,"column":26}}]},"3":{"line":37,"type":"cond-expr","locations":[{"start":{"line":38,"column":14},"end":{"line":38,"column":20}},{"start":{"line":39,"column":14},"end":{"line":39,"column":20}}]},"4":{"line":40,"type":"switch","locations":[{"start":{"line":42,"column":8},"end":{"line":47,"column":18}},{"start":{"line":49,"column":8},"end":{"line":52,"column":18}}]},"5":{"line":44,"type":"binary-expr","locations":[{"start":{"line":44,"column":16},"end":{"line":44,"column":44}},{"start":{"line":44,"column":48},"end":{"line":44,"column":66}}]},"6":{"line":50,"type":"binary-expr","locations":[{"start":{"line":50,"column":21},"end":{"line":50,"column":49}},{"start":{"line":50,"column":53},"end":{"line":50,"column":72}}]},"7":{"line":64,"type":"switch","locations":[{"start":{"line":69,"column":4},"end":{"line":70,"column":14}},{"start":{"line":75,"column":4},"end":{"line":76,"column":14}}]},"8":{"line":85,"type":"switch","locations":[{"start":{"line":90,"column":4},"end":{"line":105,"column":14}},{"start":{"line":111,"column":4},"end":{"line":193,"column":14},"skip":true}]},"9":{"line":91,"type":"binary-expr","locations":[{"start":{"line":91,"column":42},"end":{"line":91,"column":73}},{"start":{"line":91,"column":77},"end":{"line":99,"column":9}}]},"10":{"line":102,"type":"binary-expr","locations":[{"start":{"line":102,"column":18},"end":{"line":102,"column":32}},{"start":{"line":103,"column":12},"end":{"line":103,"column":53}},{"start":{"line":104,"column":12},"end":{"line":104,"column":61}}]},"11":{"line":112,"type":"binary-expr","locations":[{"start":{"line":112,"column":45},"end":{"line":112,"column":79},"skip":true},{"start":{"line":112,"column":83},"end":{"line":121,"column":9},"skip":true}]},"12":{"line":123,"type":"binary-expr","locations":[{"start":{"line":123,"column":42},"end":{"line":123,"column":73},"skip":true},{"start":{"line":123,"column":77},"end":{"line":136,"column":9},"skip":true}]},"13":{"line":138,"type":"binary-expr","locations":[{"start":{"line":138,"column":48},"end":{"line":138,"column":85},"skip":true},{"start":{"line":139,"column":12},"end":{"line":145,"column":13},"skip":true}]},"14":{"line":147,"type":"binary-expr","locations":[{"start":{"line":147,"column":42},"end":{"line":147,"column":73},"skip":true},{"start":{"line":147,"column":77},"end":{"line":156,"column":9},"skip":true}]},"15":{"line":158,"type":"binary-expr","locations":[{"start":{"line":158,"column":45},"end":{"line":158,"column":79},"skip":true},{"start":{"line":158,"column":83},"end":{"line":167,"column":9},"skip":true}]},"16":{"line":169,"type":"binary-expr","locations":[{"start":{"line":169,"column":43},"end":{"line":169,"column":75},"skip":true},{"start":{"line":169,"column":79},"end":{"line":178,"column":9},"skip":true}]},"17":{"line":180,"type":"binary-expr","locations":[{"start":{"line":180,"column":41},"end":{"line":180,"column":71},"skip":true},{"start":{"line":180,"column":75},"end":{"line":189,"column":9},"skip":true}]}},"code":["/* istanbul instrument in package npmtest_shell */","/*jslint","    bitwise: true,","    browser: true,","    maxerr: 8,","    maxlen: 96,","    node: true,","    nomen: true,","    regexp: true,","    stupid: true","*/","(function () {","    'use strict';","    var local;","","","","    // run shared js-env code - pre-init","    (function () {","        // init local","        local = {};","        // init modeJs","        local.modeJs = (function () {","            try {","                return typeof navigator.userAgent === 'string' &&","                    typeof document.querySelector('body') === 'object' &&","                    typeof XMLHttpRequest.prototype.open === 'function' &&","                    'browser';","            } catch (errorCaughtBrowser) {","                return module.exports &&","                    typeof process.versions.node === 'string' &&","                    typeof require('http').createServer === 'function' &&","                    'node';","            }","        }());","        // init global","        local.global = local.modeJs === 'browser'","            ? window","            : global;","        switch (local.modeJs) {","        // re-init local from window.local","        case 'browser':","            local = local.global.utility2.objectSetDefault(","                local.global.utility2_rollup || local.global.local,","                local.global.utility2","            );","            break;","        // re-init local from example.js","        case 'node':","            local = (local.global.utility2_rollup || require('utility2'))","                .requireReadme();","            break;","        }","        // export local","        local.global.local = local;","    }());","","","","    // run shared js-env code - function","    (function () {","        return;","    }());","    switch (local.modeJs) {","","","","    // run browser js-env code - function","    case 'browser':","        break;","","","","    // run node js-env code - function","    case 'node':","        break;","    }","","","","    // run shared js-env code - post-init","    (function () {","        return;","    }());","    switch (local.modeJs) {","","","","    // run browser js-env code - post-init","    case 'browser':","        local.testCase_browser_nullCase = local.testCase_browser_nullCase || function (","            options,","            onError","        ) {","        /*","         * this function will test browsers's null-case handling-behavior-behavior","         */","            onError(null, options);","        };","","        // run tests","        local.nop(local.modeTest &&","            document.querySelector('#testRunButton1') &&","            document.querySelector('#testRunButton1').click());","        break;","","","","    // run node js-env code - post-init","    /* istanbul ignore next */","    case 'node':","        local.testCase_buildApidoc_default = local.testCase_buildApidoc_default || function (","            options,","            onError","        ) {","        /*","         * this function will test buildApidoc's default handling-behavior-behavior","         */","            options = { modulePathList: module.paths };","            local.buildApidoc(options, onError);","        };","","        local.testCase_buildApp_default = local.testCase_buildApp_default || function (","            options,","            onError","        ) {","        /*","         * this function will test buildApp's default handling-behavior-behavior","         */","            local.testCase_buildReadme_default(options, local.onErrorThrow);","            local.testCase_buildLib_default(options, local.onErrorThrow);","            local.testCase_buildTest_default(options, local.onErrorThrow);","            local.testCase_buildCustomOrg_default(options, local.onErrorThrow);","            options = [];","            local.buildApp(options, onError);","        };","","        local.testCase_buildCustomOrg_default = local.testCase_buildCustomOrg_default ||","            function (options, onError) {","            /*","             * this function will test buildCustomOrg's default handling-behavior","             */","                options = {};","                local.buildCustomOrg(options, onError);","            };","","        local.testCase_buildLib_default = local.testCase_buildLib_default || function (","            options,","            onError","        ) {","        /*","         * this function will test buildLib's default handling-behavior","         */","            options = {};","            local.buildLib(options, onError);","        };","","        local.testCase_buildReadme_default = local.testCase_buildReadme_default || function (","            options,","            onError","        ) {","        /*","         * this function will test buildReadme's default handling-behavior-behavior","         */","            options = {};","            local.buildReadme(options, onError);","        };","","        local.testCase_buildTest_default = local.testCase_buildTest_default || function (","            options,","            onError","        ) {","        /*","         * this function will test buildTest's default handling-behavior","         */","            options = {};","            local.buildTest(options, onError);","        };","","        local.testCase_webpage_default = local.testCase_webpage_default || function (","            options,","            onError","        ) {","        /*","         * this function will test webpage's default handling-behavior","         */","            options = { modeCoverageMerge: true, url: local.serverLocalHost + '?modeTest=1' };","            local.browserTest(options, onError);","        };","","        // run test-server","        local.testRunServer(local);","        break;","    }","}());",""],"l":{"12":2,"14":2,"19":2,"21":2,"23":2,"24":2,"25":2,"30":1,"37":2,"40":2,"43":1,"47":1,"50":1,"52":1,"55":2,"61":2,"62":2,"64":2,"70":1,"76":1,"82":2,"83":2,"85":2,"91":1,"98":1,"102":1,"105":1,"112":1,"119":1,"120":1,"123":1,"130":1,"131":1,"132":1,"133":1,"134":1,"135":1,"138":1,"143":2,"144":2,"147":1,"154":2,"155":2,"158":1,"165":2,"166":2,"169":1,"176":2,"177":2,"180":1,"187":1,"188":1,"192":1,"193":1}},"/home/travis/build/npmtest/node-npmtest-shell/lib.npmtest_shell.js":{"path":"/home/travis/build/npmtest/node-npmtest-shell/lib.npmtest_shell.js","s":{"1":2,"2":2,"3":2,"4":2,"5":2,"6":2,"7":2,"8":1,"9":2,"10":2,"11":2,"12":2,"13":1,"14":1,"15":1,"16":1},"b":{"1":[2,1,1,1],"2":[1,1,1,1],"3":[1,1],"4":[2,2],"5":[1,1]},"f":{"1":2,"2":2,"3":2},"fnMap":{"1":{"name":"(anonymous_1)","line":12,"loc":{"start":{"line":12,"column":1},"end":{"line":12,"column":13}}},"2":{"name":"(anonymous_2)","line":19,"loc":{"start":{"line":19,"column":5},"end":{"line":19,"column":17}}},"3":{"name":"(anonymous_3)","line":23,"loc":{"start":{"line":23,"column":24},"end":{"line":23,"column":36}}}},"statementMap":{"1":{"start":{"line":12,"column":0},"end":{"line":53,"column":5}},"2":{"start":{"line":14,"column":4},"end":{"line":14,"column":14}},"3":{"start":{"line":19,"column":4},"end":{"line":52,"column":9}},"4":{"start":{"line":21,"column":8},"end":{"line":21,"column":19}},"5":{"start":{"line":23,"column":8},"end":{"line":35,"column":13}},"6":{"start":{"line":24,"column":12},"end":{"line":34,"column":13}},"7":{"start":{"line":25,"column":16},"end":{"line":28,"column":30}},"8":{"start":{"line":30,"column":16},"end":{"line":33,"column":27}},"9":{"start":{"line":37,"column":8},"end":{"line":39,"column":21}},"10":{"start":{"line":41,"column":8},"end":{"line":41,"column":54}},"11":{"start":{"line":43,"column":8},"end":{"line":43,"column":50}},"12":{"start":{"line":45,"column":8},"end":{"line":51,"column":9}},"13":{"start":{"line":46,"column":12},"end":{"line":46,"column":56}},"14":{"start":{"line":48,"column":12},"end":{"line":48,"column":35}},"15":{"start":{"line":49,"column":12},"end":{"line":49,"column":49}},"16":{"start":{"line":50,"column":12},"end":{"line":50,"column":43}}},"branchMap":{"1":{"line":25,"type":"binary-expr","locations":[{"start":{"line":25,"column":23},"end":{"line":25,"column":62}},{"start":{"line":26,"column":20},"end":{"line":26,"column":70}},{"start":{"line":27,"column":20},"end":{"line":27,"column":71}},{"start":{"line":28,"column":20},"end":{"line":28,"column":29}}]},"2":{"line":30,"type":"binary-expr","locations":[{"start":{"line":30,"column":23},"end":{"line":30,"column":37}},{"start":{"line":31,"column":20},"end":{"line":31,"column":61}},{"start":{"line":32,"column":20},"end":{"line":32,"column":70}},{"start":{"line":33,"column":20},"end":{"line":33,"column":26}}]},"3":{"line":37,"type":"cond-expr","locations":[{"start":{"line":38,"column":14},"end":{"line":38,"column":20}},{"start":{"line":39,"column":14},"end":{"line":39,"column":20}}]},"4":{"line":41,"type":"binary-expr","locations":[{"start":{"line":41,"column":16},"end":{"line":41,"column":44}},{"start":{"line":41,"column":48},"end":{"line":41,"column":53}}]},"5":{"line":45,"type":"if","locations":[{"start":{"line":45,"column":8},"end":{"line":45,"column":8}},{"start":{"line":45,"column":8},"end":{"line":45,"column":8}}]}},"code":["/* istanbul instrument in package npmtest_shell */","/*jslint","    bitwise: true,","    browser: true,","    maxerr: 8,","    maxlen: 96,","    node: true,","    nomen: true,","    regexp: true,","    stupid: true","*/","(function () {","    'use strict';","    var local;","","","","    // run shared js-env code - pre-init","    (function () {","        // init local","        local = {};","        // init modeJs","        local.modeJs = (function () {","            try {","                return typeof navigator.userAgent === 'string' &&","                    typeof document.querySelector('body') === 'object' &&","                    typeof XMLHttpRequest.prototype.open === 'function' &&","                    'browser';","            } catch (errorCaughtBrowser) {","                return module.exports &&","                    typeof process.versions.node === 'string' &&","                    typeof require('http').createServer === 'function' &&","                    'node';","            }","        }());","        // init global","        local.global = local.modeJs === 'browser'","            ? window","            : global;","        // init utility2_rollup","        local = local.global.utility2_rollup || local;","        // init lib","        local.local = local.npmtest_shell = local;","        // init exports","        if (local.modeJs === 'browser') {","            local.global.utility2_npmtest_shell = local;","        } else {","            module.exports = local;","            module.exports.__dirname = __dirname;","            module.exports.module = module;","        }","    }());","}());",""],"l":{"12":2,"14":2,"19":2,"21":2,"23":2,"24":2,"25":2,"30":1,"37":2,"41":2,"43":2,"45":2,"46":1,"48":1,"49":1,"50":1}},"/home/travis/build/npmtest/node-npmtest-shell/example.js":{"path":"/home/travis/build/npmtest/node-npmtest-shell/example.js","s":{"1":2,"2":2,"3":2,"4":2,"5":2,"6":2,"7":2,"8":1,"9":2,"10":2,"11":2,"12":2,"13":1,"14":2,"15":2,"16":2,"17":2,"18":2,"19":0,"20":2,"21":1,"22":1,"23":1,"24":1,"25":1,"26":0,"27":0,"28":1,"29":1,"30":2,"31":0,"32":0,"33":0,"34":1,"35":2,"36":2,"37":3,"38":3,"39":3,"40":3,"41":0,"42":3,"43":3,"44":3,"45":1,"46":3,"47":1,"48":1,"49":1,"50":1,"51":1,"52":1,"53":1,"54":1,"55":1,"56":1,"57":0,"58":1,"59":6,"60":6,"61":1,"62":2,"63":0,"64":2,"65":1,"66":1,"67":0,"68":0,"69":0,"70":0,"71":0,"72":0,"73":0,"74":0,"75":0,"76":0,"77":0,"78":0,"79":0,"80":0,"81":0,"82":0,"83":0},"b":{"1":[2,1,1,1],"2":[1,1,1,1],"3":[1,1],"4":[2,2],"5":[1,1],"6":[1,1],"7":[2,0],"8":[2,1,1,1,1,1],"9":[0,2,0],"10":[1,1],"11":[2,1,1],"12":[1,0],"13":[0,2],"14":[2,0,0,0,0,0,0],"15":[0,3],"16":[3,0],"17":[1,1],"18":[0,1],"19":[1,2,0,2],"20":[1,0],"21":[1,1],"22":[0,0],"23":[0,0],"24":[0,0],"25":[0,0],"26":[0,0],"27":[0,0],"28":[0,0]},"f":{"1":2,"2":2,"3":2,"4":2,"5":2,"6":2,"7":3,"8":3,"9":3,"10":1,"11":6,"12":0},"fnMap":{"1":{"name":"(anonymous_1)","line":26,"loc":{"start":{"line":26,"column":1},"end":{"line":26,"column":13}}},"2":{"name":"(anonymous_2)","line":33,"loc":{"start":{"line":33,"column":5},"end":{"line":33,"column":17}}},"3":{"name":"(anonymous_3)","line":37,"loc":{"start":{"line":37,"column":24},"end":{"line":37,"column":36}}},"4":{"name":"(anonymous_4)","line":69,"loc":{"start":{"line":69,"column":31},"end":{"line":69,"column":48}},"skip":true},"5":{"name":"(anonymous_5)","line":78,"loc":{"start":{"line":78,"column":26},"end":{"line":78,"column":45}},"skip":true},"6":{"name":"(anonymous_6)","line":123,"loc":{"start":{"line":123,"column":33},"end":{"line":123,"column":48}},"skip":true},"7":{"name":"(anonymous_7)","line":125,"loc":{"start":{"line":125,"column":27},"end":{"line":125,"column":39}},"skip":true},"8":{"name":"(anonymous_8)","line":133,"loc":{"start":{"line":133,"column":59},"end":{"line":133,"column":74}},"skip":true},"9":{"name":"(anonymous_9)","line":143,"loc":{"start":{"line":143,"column":45},"end":{"line":143,"column":62}},"skip":true},"10":{"name":"(anonymous_10)","line":144,"loc":{"start":{"line":144,"column":73},"end":{"line":144,"column":92}},"skip":true},"11":{"name":"(anonymous_11)","line":272,"loc":{"start":{"line":272,"column":51},"end":{"line":272,"column":77}},"skip":true},"12":{"name":"(anonymous_12)","line":315,"loc":{"start":{"line":315,"column":32},"end":{"line":315,"column":61}},"skip":true}},"statementMap":{"1":{"start":{"line":26,"column":0},"end":{"line":326,"column":5}},"2":{"start":{"line":28,"column":4},"end":{"line":28,"column":14}},"3":{"start":{"line":33,"column":4},"end":{"line":60,"column":9}},"4":{"start":{"line":35,"column":8},"end":{"line":35,"column":19}},"5":{"start":{"line":37,"column":8},"end":{"line":49,"column":13}},"6":{"start":{"line":38,"column":12},"end":{"line":48,"column":13}},"7":{"start":{"line":39,"column":16},"end":{"line":42,"column":30}},"8":{"start":{"line":44,"column":16},"end":{"line":47,"column":27}},"9":{"start":{"line":51,"column":8},"end":{"line":53,"column":21}},"10":{"start":{"line":55,"column":8},"end":{"line":57,"column":45}},"11":{"start":{"line":59,"column":8},"end":{"line":59,"column":35}},"12":{"start":{"line":61,"column":4},"end":{"line":325,"column":5}},"13":{"start":{"line":69,"column":8},"end":{"line":121,"column":10},"skip":true},"14":{"start":{"line":70,"column":12},"end":{"line":88,"column":13},"skip":true},"15":{"start":{"line":76,"column":16},"end":{"line":87,"column":19},"skip":true},"16":{"start":{"line":79,"column":20},"end":{"line":86,"column":21},"skip":true},"17":{"start":{"line":82,"column":24},"end":{"line":82,"column":43},"skip":true},"18":{"start":{"line":83,"column":24},"end":{"line":83,"column":30},"skip":true},"19":{"start":{"line":85,"column":24},"end":{"line":85,"column":49},"skip":true},"20":{"start":{"line":89,"column":12},"end":{"line":107,"column":13},"skip":true},"21":{"start":{"line":92,"column":16},"end":{"line":102,"column":17},"skip":true},"22":{"start":{"line":93,"column":20},"end":{"line":93,"column":86},"skip":true},"23":{"start":{"line":94,"column":20},"end":{"line":95,"column":45},"skip":true},"24":{"start":{"line":96,"column":20},"end":{"line":96,"column":42},"skip":true},"25":{"start":{"line":97,"column":20},"end":{"line":97,"column":48},"skip":true},"26":{"start":{"line":100,"column":20},"end":{"line":100,"column":85},"skip":true},"27":{"start":{"line":101,"column":20},"end":{"line":101,"column":96},"skip":true},"28":{"start":{"line":103,"column":16},"end":{"line":103,"column":22},"skip":true},"29":{"start":{"line":106,"column":16},"end":{"line":106,"column":22},"skip":true},"30":{"start":{"line":108,"column":12},"end":{"line":120,"column":13},"skip":true},"31":{"start":{"line":114,"column":16},"end":{"line":119,"column":17},"skip":true},"32":{"start":{"line":116,"column":20},"end":{"line":116,"column":78},"skip":true},"33":{"start":{"line":118,"column":20},"end":{"line":118,"column":47},"skip":true},"34":{"start":{"line":123,"column":8},"end":{"line":141,"column":11},"skip":true},"35":{"start":{"line":124,"column":12},"end":{"line":124,"column":54},"skip":true},"36":{"start":{"line":125,"column":12},"end":{"line":140,"column":14},"skip":true},"37":{"start":{"line":126,"column":16},"end":{"line":126,"column":28},"skip":true},"38":{"start":{"line":127,"column":16},"end":{"line":127,"column":69},"skip":true},"39":{"start":{"line":128,"column":16},"end":{"line":128,"column":75},"skip":true},"40":{"start":{"line":129,"column":16},"end":{"line":131,"column":17},"skip":true},"41":{"start":{"line":130,"column":20},"end":{"line":130,"column":27},"skip":true},"42":{"start":{"line":133,"column":16},"end":{"line":137,"column":36},"skip":true},"43":{"start":{"line":134,"column":20},"end":{"line":136,"column":55},"skip":true},"44":{"start":{"line":139,"column":16},"end":{"line":139,"column":57},"skip":true},"45":{"start":{"line":143,"column":8},"end":{"line":147,"column":11},"skip":true},"46":{"start":{"line":144,"column":12},"end":{"line":146,"column":15},"skip":true},"47":{"start":{"line":145,"column":16},"end":{"line":145,"column":70},"skip":true},"48":{"start":{"line":149,"column":8},"end":{"line":149,"column":31},"skip":true},"49":{"start":{"line":150,"column":8},"end":{"line":150,"column":14},"skip":true},"50":{"start":{"line":158,"column":8},"end":{"line":158,"column":31},"skip":true},"51":{"start":{"line":160,"column":8},"end":{"line":160,"column":33},"skip":true},"52":{"start":{"line":161,"column":8},"end":{"line":161,"column":37},"skip":true},"53":{"start":{"line":162,"column":8},"end":{"line":162,"column":35},"skip":true},"54":{"start":{"line":164,"column":8},"end":{"line":164,"column":50},"skip":true},"55":{"start":{"line":166,"column":8},"end":{"line":256,"column":2},"skip":true},"56":{"start":{"line":258,"column":8},"end":{"line":286,"column":9},"skip":true},"57":{"start":{"line":259,"column":12},"end":{"line":269,"column":14},"skip":true},"58":{"start":{"line":271,"column":12},"end":{"line":285,"column":19},"skip":true},"59":{"start":{"line":274,"column":20},"end":{"line":274,"column":35},"skip":true},"60":{"start":{"line":275,"column":20},"end":{"line":284,"column":21},"skip":true},"61":{"start":{"line":277,"column":24},"end":{"line":277,"column":64},"skip":true},"62":{"start":{"line":279,"column":24},"end":{"line":279,"column":40},"skip":true},"63":{"start":{"line":281,"column":24},"end":{"line":281,"column":40},"skip":true},"64":{"start":{"line":283,"column":24},"end":{"line":283,"column":39},"skip":true},"65":{"start":{"line":288,"column":8},"end":{"line":290,"column":9},"skip":true},"66":{"start":{"line":289,"column":12},"end":{"line":289,"column":18},"skip":true},"67":{"start":{"line":291,"column":8},"end":{"line":293,"column":54},"skip":true},"68":{"start":{"line":296,"column":8},"end":{"line":301,"column":37},"skip":true},"69":{"start":{"line":303,"column":8},"end":{"line":303,"column":82},"skip":true},"70":{"start":{"line":306,"column":8},"end":{"line":308,"column":9},"skip":true},"71":{"start":{"line":307,"column":12},"end":{"line":307,"column":82},"skip":true},"72":{"start":{"line":310,"column":8},"end":{"line":312,"column":9},"skip":true},"73":{"start":{"line":311,"column":12},"end":{"line":311,"column":18},"skip":true},"74":{"start":{"line":313,"column":8},"end":{"line":313,"column":54},"skip":true},"75":{"start":{"line":314,"column":8},"end":{"line":314,"column":69},"skip":true},"76":{"start":{"line":315,"column":8},"end":{"line":323,"column":36},"skip":true},"77":{"start":{"line":316,"column":12},"end":{"line":316,"column":61},"skip":true},"78":{"start":{"line":317,"column":12},"end":{"line":320,"column":13},"skip":true},"79":{"start":{"line":318,"column":16},"end":{"line":318,"column":75},"skip":true},"80":{"start":{"line":319,"column":16},"end":{"line":319,"column":23},"skip":true},"81":{"start":{"line":321,"column":12},"end":{"line":321,"column":38},"skip":true},"82":{"start":{"line":322,"column":12},"end":{"line":322,"column":27},"skip":true},"83":{"start":{"line":324,"column":8},"end":{"line":324,"column":14},"skip":true}},"branchMap":{"1":{"line":39,"type":"binary-expr","locations":[{"start":{"line":39,"column":23},"end":{"line":39,"column":62}},{"start":{"line":40,"column":20},"end":{"line":40,"column":70}},{"start":{"line":41,"column":20},"end":{"line":41,"column":71}},{"start":{"line":42,"column":20},"end":{"line":42,"column":29}}]},"2":{"line":44,"type":"binary-expr","locations":[{"start":{"line":44,"column":23},"end":{"line":44,"column":37}},{"start":{"line":45,"column":20},"end":{"line":45,"column":61}},{"start":{"line":46,"column":20},"end":{"line":46,"column":70}},{"start":{"line":47,"column":20},"end":{"line":47,"column":26}}]},"3":{"line":51,"type":"cond-expr","locations":[{"start":{"line":52,"column":14},"end":{"line":52,"column":20}},{"start":{"line":53,"column":14},"end":{"line":53,"column":20}}]},"4":{"line":55,"type":"binary-expr","locations":[{"start":{"line":55,"column":16},"end":{"line":55,"column":44}},{"start":{"line":55,"column":49},"end":{"line":57,"column":43}}]},"5":{"line":55,"type":"cond-expr","locations":[{"start":{"line":56,"column":14},"end":{"line":56,"column":49}},{"start":{"line":57,"column":14},"end":{"line":57,"column":43}}]},"6":{"line":61,"type":"switch","locations":[{"start":{"line":68,"column":4},"end":{"line":150,"column":14},"skip":true},{"start":{"line":156,"column":4},"end":{"line":324,"column":14},"skip":true}]},"7":{"line":70,"type":"if","locations":[{"start":{"line":70,"column":12},"end":{"line":70,"column":12},"skip":true},{"start":{"line":70,"column":12},"end":{"line":70,"column":12},"skip":true}]},"8":{"line":70,"type":"binary-expr","locations":[{"start":{"line":70,"column":16},"end":{"line":70,"column":22},"skip":true},{"start":{"line":70,"column":27},"end":{"line":70,"column":32},"skip":true},{"start":{"line":71,"column":20},"end":{"line":71,"column":39},"skip":true},{"start":{"line":72,"column":20},"end":{"line":72,"column":49},"skip":true},{"start":{"line":73,"column":20},"end":{"line":73,"column":58},"skip":true},{"start":{"line":74,"column":20},"end":{"line":74,"column":69},"skip":true}]},"9":{"line":79,"type":"switch","locations":[{"start":{"line":80,"column":20},"end":{"line":80,"column":33},"skip":true},{"start":{"line":81,"column":20},"end":{"line":83,"column":30},"skip":true},{"start":{"line":84,"column":20},"end":{"line":85,"column":49},"skip":true}]},"10":{"line":89,"type":"switch","locations":[{"start":{"line":90,"column":12},"end":{"line":103,"column":22},"skip":true},{"start":{"line":105,"column":12},"end":{"line":106,"column":22},"skip":true}]},"11":{"line":89,"type":"binary-expr","locations":[{"start":{"line":89,"column":20},"end":{"line":89,"column":25},"skip":true},{"start":{"line":89,"column":29},"end":{"line":89,"column":48},"skip":true},{"start":{"line":89,"column":52},"end":{"line":89,"column":74},"skip":true}]},"12":{"line":92,"type":"if","locations":[{"start":{"line":92,"column":16},"end":{"line":92,"column":16},"skip":true},{"start":{"line":92,"column":16},"end":{"line":92,"column":16},"skip":true}]},"13":{"line":108,"type":"if","locations":[{"start":{"line":108,"column":12},"end":{"line":108,"column":12},"skip":true},{"start":{"line":108,"column":12},"end":{"line":108,"column":12},"skip":true}]},"14":{"line":108,"type":"binary-expr","locations":[{"start":{"line":108,"column":16},"end":{"line":108,"column":61},"skip":true},{"start":{"line":108,"column":66},"end":{"line":108,"column":72},"skip":true},{"start":{"line":108,"column":77},"end":{"line":108,"column":82},"skip":true},{"start":{"line":109,"column":20},"end":{"line":109,"column":39},"skip":true},{"start":{"line":110,"column":20},"end":{"line":110,"column":49},"skip":true},{"start":{"line":111,"column":20},"end":{"line":111,"column":58},"skip":true},{"start":{"line":112,"column":20},"end":{"line":112,"column":68},"skip":true}]},"15":{"line":129,"type":"if","locations":[{"start":{"line":129,"column":16},"end":{"line":129,"column":16},"skip":true},{"start":{"line":129,"column":16},"end":{"line":129,"column":16},"skip":true}]},"16":{"line":134,"type":"cond-expr","locations":[{"start":{"line":135,"column":26},"end":{"line":135,"column":29},"skip":true},{"start":{"line":136,"column":26},"end":{"line":136,"column":54},"skip":true}]},"17":{"line":164,"type":"binary-expr","locations":[{"start":{"line":164,"column":27},"end":{"line":164,"column":43},"skip":true},{"start":{"line":164,"column":47},"end":{"line":164,"column":49},"skip":true}]},"18":{"line":258,"type":"if","locations":[{"start":{"line":258,"column":8},"end":{"line":258,"column":8},"skip":true},{"start":{"line":258,"column":8},"end":{"line":258,"column":8},"skip":true}]},"19":{"line":275,"type":"switch","locations":[{"start":{"line":276,"column":20},"end":{"line":277,"column":64},"skip":true},{"start":{"line":278,"column":20},"end":{"line":279,"column":40},"skip":true},{"start":{"line":280,"column":20},"end":{"line":281,"column":40},"skip":true},{"start":{"line":282,"column":20},"end":{"line":283,"column":39},"skip":true}]},"20":{"line":288,"type":"if","locations":[{"start":{"line":288,"column":8},"end":{"line":288,"column":8},"skip":true},{"start":{"line":288,"column":8},"end":{"line":288,"column":8},"skip":true}]},"21":{"line":288,"type":"binary-expr","locations":[{"start":{"line":288,"column":12},"end":{"line":288,"column":40},"skip":true},{"start":{"line":288,"column":44},"end":{"line":288,"column":67},"skip":true}]},"22":{"line":292,"type":"binary-expr","locations":[{"start":{"line":292,"column":12},"end":{"line":292,"column":50},"skip":true},{"start":{"line":293,"column":12},"end":{"line":293,"column":53},"skip":true}]},"23":{"line":297,"type":"binary-expr","locations":[{"start":{"line":297,"column":12},"end":{"line":297,"column":63},"skip":true},{"start":{"line":298,"column":12},"end":{"line":301,"column":36},"skip":true}]},"24":{"line":303,"type":"binary-expr","locations":[{"start":{"line":303,"column":43},"end":{"line":303,"column":75},"skip":true},{"start":{"line":303,"column":79},"end":{"line":303,"column":81},"skip":true}]},"25":{"line":306,"type":"if","locations":[{"start":{"line":306,"column":8},"end":{"line":306,"column":8},"skip":true},{"start":{"line":306,"column":8},"end":{"line":306,"column":8},"skip":true}]},"26":{"line":310,"type":"if","locations":[{"start":{"line":310,"column":8},"end":{"line":310,"column":8},"skip":true},{"start":{"line":310,"column":8},"end":{"line":310,"column":8},"skip":true}]},"27":{"line":313,"type":"binary-expr","locations":[{"start":{"line":313,"column":27},"end":{"line":313,"column":43},"skip":true},{"start":{"line":313,"column":47},"end":{"line":313,"column":53},"skip":true}]},"28":{"line":317,"type":"if","locations":[{"start":{"line":317,"column":12},"end":{"line":317,"column":12},"skip":true},{"start":{"line":317,"column":12},"end":{"line":317,"column":12},"skip":true}]}},"code":["/*","example.js","","quickstart example","","instruction","    1. save this script as example.js","    2. run the shell command:","        $ npm install npmtest-shell && PORT=8081 node example.js","    3. play with the browser-demo on http://127.0.0.1:8081","*/","","","","/* istanbul instrument in package npmtest_shell */","/*jslint","    bitwise: true,","    browser: true,","    maxerr: 8,","    maxlen: 96,","    node: true,","    nomen: true,","    regexp: true,","    stupid: true","*/","(function () {","    'use strict';","    var local;","","","","    // run shared js-env code - pre-init","    (function () {","        // init local","        local = {};","        // init modeJs","        local.modeJs = (function () {","            try {","                return typeof navigator.userAgent === 'string' &&","                    typeof document.querySelector('body') === 'object' &&","                    typeof XMLHttpRequest.prototype.open === 'function' &&","                    'browser';","            } catch (errorCaughtBrowser) {","                return module.exports &&","                    typeof process.versions.node === 'string' &&","                    typeof require('http').createServer === 'function' &&","                    'node';","            }","        }());","        // init global","        local.global = local.modeJs === 'browser'","            ? window","            : global;","        // init utility2_rollup","        local = local.global.utility2_rollup || (local.modeJs === 'browser'","            ? local.global.utility2_npmtest_shell","            : global.utility2_moduleExports);","        // export local","        local.global.local = local;","    }());","    switch (local.modeJs) {","","","","    // post-init","    // run browser js-env code - post-init","    /* istanbul ignore next */","    case 'browser':","        local.testRunBrowser = function (event) {","            if (!event || (event &&","                    event.currentTarget &&","                    event.currentTarget.className &&","                    event.currentTarget.className.includes &&","                    event.currentTarget.className.includes('onreset'))) {","                // reset output","                Array.from(","                    document.querySelectorAll('body > .resettable')","                ).forEach(function (element) {","                    switch (element.tagName) {","                    case 'INPUT':","                    case 'TEXTAREA':","                        element.value = '';","                        break;","                    default:","                        element.textContent = '';","                    }","                });","            }","            switch (event && event.currentTarget && event.currentTarget.id) {","            case 'testRunButton1':","                // show tests","                if (document.querySelector('#testReportDiv1').style.display === 'none') {","                    document.querySelector('#testReportDiv1').style.display = 'block';","                    document.querySelector('#testRunButton1').textContent =","                        'hide internal test';","                    local.modeTest = true;","                    local.testRunDefault(local);","                // hide tests","                } else {","                    document.querySelector('#testReportDiv1').style.display = 'none';","                    document.querySelector('#testRunButton1').textContent = 'run internal test';","                }","                break;","            // custom-case","            default:","                break;","            }","            if (document.querySelector('#inputTextareaEval1') && (!event || (event &&","                    event.currentTarget &&","                    event.currentTarget.className &&","                    event.currentTarget.className.includes &&","                    event.currentTarget.className.includes('oneval')))) {","                // try to eval input-code","                try {","                    /*jslint evil: true*/","                    eval(document.querySelector('#inputTextareaEval1').value);","                } catch (errorCaught) {","                    console.error(errorCaught);","                }","            }","        };","        // log stderr and stdout to #outputTextareaStdout1","        ['error', 'log'].forEach(function (key) {","            console[key + '_original'] = console[key];","            console[key] = function () {","                var element;","                console[key + '_original'].apply(console, arguments);","                element = document.querySelector('#outputTextareaStdout1');","                if (!element) {","                    return;","                }","                // append text to #outputTextareaStdout1","                element.value += Array.from(arguments).map(function (arg) {","                    return typeof arg === 'string'","                        ? arg","                        : JSON.stringify(arg, null, 4);","                }).join(' ') + '\\n';","                // scroll textarea to bottom","                element.scrollTop = element.scrollHeight;","            };","        });","        // init event-handling","        ['change', 'click', 'keyup'].forEach(function (event) {","            Array.from(document.querySelectorAll('.on' + event)).forEach(function (element) {","                element.addEventListener(event, local.testRunBrowser);","            });","        });","        // run tests","        local.testRunBrowser();","        break;","","","","    // run node js-env code - post-init","    /* istanbul ignore next */","    case 'node':","        // export local","        module.exports = local;","        // require modules","        local.fs = require('fs');","        local.http = require('http');","        local.url = require('url');","        // init assets","        local.assetsDict = local.assetsDict || {};","        /* jslint-ignore-begin */","        local.assetsDict['/assets.index.template.html'] = '\\","<!doctype html>\\n\\","<html lang=\"en\">\\n\\","<head>\\n\\","<meta charset=\"UTF-8\">\\n\\","<meta name=\"viewport\" content=\"width=device-width, initial-scale=1\">\\n\\","<title>{{env.npm_package_name}} (v{{env.npm_package_version}})</title>\\n\\","<style>\\n\\","/*csslint\\n\\","    box-sizing: false,\\n\\","    universal-selector: false\\n\\","*/\\n\\","* {\\n\\","    box-sizing: border-box;\\n\\","}\\n\\","body {\\n\\","    background: #dde;\\n\\","    font-family: Arial, Helvetica, sans-serif;\\n\\","    margin: 2rem;\\n\\","}\\n\\","body > * {\\n\\","    margin-bottom: 1rem;\\n\\","}\\n\\",".utility2FooterDiv {\\n\\","    margin-top: 20px;\\n\\","    text-align: center;\\n\\","}\\n\\","</style>\\n\\","<style>\\n\\","/*csslint\\n\\","*/\\n\\","textarea {\\n\\","    font-family: monospace;\\n\\","    height: 10rem;\\n\\","    width: 100%;\\n\\","}\\n\\","textarea[readonly] {\\n\\","    background: #ddd;\\n\\","}\\n\\","</style>\\n\\","</head>\\n\\","<body>\\n\\","<!-- utility2-comment\\n\\","<div id=\"ajaxProgressDiv1\" style=\"background: #d00; height: 2px; left: 0; margin: 0; padding: 0; position: fixed; top: 0; transition: background 0.5s, width 1.5s; width: 25%;\"></div>\\n\\","utility2-comment -->\\n\\","<h1>\\n\\","<!-- utility2-comment\\n\\","    <a\\n\\","        {{#if env.npm_package_homepage}}\\n\\","        href=\"{{env.npm_package_homepage}}\"\\n\\","        {{/if env.npm_package_homepage}}\\n\\","        target=\"_blank\"\\n\\","    >\\n\\","utility2-comment -->\\n\\","        {{env.npm_package_name}} (v{{env.npm_package_version}})\\n\\","<!-- utility2-comment\\n\\","    </a>\\n\\","utility2-comment -->\\n\\","</h1>\\n\\","<h3>{{env.npm_package_description}}</h3>\\n\\","<!-- utility2-comment\\n\\","<h4><a download href=\"assets.app.js\">download standalone app</a></h4>\\n\\","<button class=\"onclick onreset\" id=\"testRunButton1\">run internal test</button><br>\\n\\","<div id=\"testReportDiv1\" style=\"display: none;\"></div>\\n\\","utility2-comment -->\\n\\","\\n\\","\\n\\","\\n\\","<label>stderr and stdout</label>\\n\\","<textarea class=\"resettable\" id=\"outputTextareaStdout1\" readonly></textarea>\\n\\","<!-- utility2-comment\\n\\","{{#if isRollup}}\\n\\","<script src=\"assets.app.js\"></script>\\n\\","{{#unless isRollup}}\\n\\","utility2-comment -->\\n\\","<script src=\"assets.utility2.rollup.js\"></script>\\n\\","<script src=\"jsonp.utility2._stateInit?callback=window.utility2._stateInit\"></script>\\n\\","<script src=\"assets.npmtest_shell.rollup.js\"></script>\\n\\","<script src=\"assets.example.js\"></script>\\n\\","<script src=\"assets.test.js\"></script>\\n\\","<!-- utility2-comment\\n\\","{{/if isRollup}}\\n\\","utility2-comment -->\\n\\","<div class=\"utility2FooterDiv\">\\n\\","    [ this app was created with\\n\\","    <a href=\"https://github.com/kaizhu256/node-utility2\" target=\"_blank\">utility2</a>\\n\\","    ]\\n\\","</div>\\n\\","</body>\\n\\","</html>\\n\\","';","        /* jslint-ignore-end */","        if (local.templateRender) {","            local.assetsDict['/'] = local.templateRender(","                local.assetsDict['/assets.index.template.html'],","                {","                    env: local.objectSetDefault(local.env, {","                        npm_package_description: 'the greatest app in the world!',","                        npm_package_name: 'my-app',","                        npm_package_nameAlias: 'my_app',","                        npm_package_version: '0.0.1'","                    })","                }","            );","        } else {","            local.assetsDict['/'] = local.assetsDict['/assets.index.template.html']","                .replace((/\\{\\{env\\.(\\w+?)\\}\\}/g), function (match0, match1) {","                    // jslint-hack","                    String(match0);","                    switch (match1) {","                    case 'npm_package_description':","                        return 'the greatest app in the world!';","                    case 'npm_package_name':","                        return 'my-app';","                    case 'npm_package_nameAlias':","                        return 'my_app';","                    case 'npm_package_version':","                        return '0.0.1';","                    }","                });","        }","        // run the cli","        if (local.global.utility2_rollup || module !== require.main) {","            break;","        }","        local.assetsDict['/assets.example.js'] =","            local.assetsDict['/assets.example.js'] ||","            local.fs.readFileSync(__filename, 'utf8');","        // bug-workaround - long $npm_package_buildCustomOrg","        /* jslint-ignore-begin */","        local.assetsDict['/assets.npmtest_shell.rollup.js'] =","            local.assetsDict['/assets.npmtest_shell.rollup.js'] ||","            local.fs.readFileSync(","                local.npmtest_shell.__dirname + '/lib.npmtest_shell.js',","                'utf8'","            ).replace((/^#!/), '//');","        /* jslint-ignore-end */","        local.assetsDict['/favicon.ico'] = local.assetsDict['/favicon.ico'] || '';","        // if $npm_config_timeout_exit exists,","        // then exit this process after $npm_config_timeout_exit ms","        if (Number(process.env.npm_config_timeout_exit)) {","            setTimeout(process.exit, Number(process.env.npm_config_timeout_exit));","        }","        // start server","        if (local.global.utility2_serverHttp1) {","            break;","        }","        process.env.PORT = process.env.PORT || '8081';","        console.error('server starting on port ' + process.env.PORT);","        local.http.createServer(function (request, response) {","            request.urlParsed = local.url.parse(request.url);","            if (local.assetsDict[request.urlParsed.pathname] !== undefined) {","                response.end(local.assetsDict[request.urlParsed.pathname]);","                return;","            }","            response.statusCode = 404;","            response.end();","        }).listen(process.env.PORT);","        break;","    }","}());",""],"l":{"26":2,"28":2,"33":2,"35":2,"37":2,"38":2,"39":2,"44":1,"51":2,"55":2,"59":2,"61":2,"69":1,"70":2,"76":2,"79":2,"82":2,"83":2,"85":1,"89":2,"92":1,"93":1,"94":1,"96":1,"97":1,"100":1,"101":1,"103":1,"106":1,"108":2,"114":1,"116":1,"118":1,"123":1,"124":2,"125":2,"126":3,"127":3,"128":3,"129":3,"130":1,"133":3,"134":3,"139":3,"143":1,"144":3,"145":1,"149":1,"150":1,"158":1,"160":1,"161":1,"162":1,"164":1,"166":1,"258":1,"259":1,"271":1,"274":6,"275":6,"277":1,"279":2,"281":1,"283":2,"288":1,"289":1,"291":1,"296":1,"303":1,"306":1,"307":1,"310":1,"311":1,"313":1,"314":1,"315":1,"316":1,"317":1,"318":1,"319":1,"321":1,"322":1,"324":1}},"/home/travis/build/npmtest/node-npmtest-shell/node_modules/shell/index.js":{"path":"/home/travis/build/npmtest/node-npmtest-shell/node_modules/shell/index.js","s":{"1":1,"2":1,"3":1,"4":1,"5":1,"6":1,"7":1,"8":1,"9":1,"10":1,"11":1,"12":1,"13":1,"14":1,"15":1,"16":1,"17":0,"18":0},"b":{},"f":{"1":0},"fnMap":{"1":{"name":"(anonymous_1)","line":27,"loc":{"start":{"line":27,"column":14},"end":{"line":27,"column":32}}}},"statementMap":{"1":{"start":{"line":3,"column":0},"end":{"line":3,"column":52}},"2":{"start":{"line":4,"column":0},"end":{"line":4,"column":39}},"3":{"start":{"line":5,"column":0},"end":{"line":5,"column":47}},"4":{"start":{"line":8,"column":0},"end":{"line":8,"column":47}},"5":{"start":{"line":9,"column":0},"end":{"line":9,"column":47}},"6":{"start":{"line":10,"column":0},"end":{"line":10,"column":53}},"7":{"start":{"line":11,"column":0},"end":{"line":11,"column":45}},"8":{"start":{"line":12,"column":0},"end":{"line":12,"column":43}},"9":{"start":{"line":13,"column":0},"end":{"line":13,"column":49}},"10":{"start":{"line":14,"column":0},"end":{"line":14,"column":43}},"11":{"start":{"line":15,"column":0},"end":{"line":15,"column":47}},"12":{"start":{"line":16,"column":0},"end":{"line":16,"column":45}},"13":{"start":{"line":17,"column":0},"end":{"line":17,"column":47}},"14":{"start":{"line":18,"column":0},"end":{"line":18,"column":43}},"15":{"start":{"line":21,"column":0},"end":{"line":25,"column":2}},"16":{"start":{"line":27,"column":0},"end":{"line":30,"column":2}},"17":{"start":{"line":28,"column":2},"end":{"line":28,"column":71}},"18":{"start":{"line":29,"column":2},"end":{"line":29,"column":31}}},"branchMap":{},"code":["","// Core","var Shell = module.exports = require('./lib/Shell');","Shell.styles = require('./lib/Styles');","Shell.NullStream = require('./lib/NullStream');","","// Plugins","Shell.cloud9 = require('./lib/plugins/cloud9');","Shell.coffee = require('./lib/plugins/coffee');","Shell.completer = require('./lib/plugins/completer');","Shell.error = require('./lib/plugins/error');","Shell.help = require('./lib/plugins/help');","Shell.history = require('./lib/plugins/history');","Shell.http = require('./lib/plugins/http');","Shell.router = require('./lib/plugins/router');","Shell.redis = require('./lib/plugins/redis');","Shell.stylus = require('./lib/plugins/stylus');","Shell.test = require('./lib/plugins/test');","","// Routes","Shell.routes = {","  confirm: require('./lib/routes/confirm'),","  prompt: require('./lib/routes/prompt'),","  shellOnly: require('./lib/routes/shellOnly')","};","","Shell.Shell = function(settings){","  console.warn('Deprecated, use `shell()` instead of `shell.Shell()`');","  return new Shell( settings );","};"],"l":{"3":1,"4":1,"5":1,"8":1,"9":1,"10":1,"11":1,"12":1,"13":1,"14":1,"15":1,"16":1,"17":1,"18":1,"21":1,"27":1,"28":0,"29":0}},"/home/travis/build/npmtest/node-npmtest-shell/node_modules/shell/lib/Shell.js":{"path":"/home/travis/build/npmtest/node-npmtest-shell/node_modules/shell/lib/Shell.js","s":{"1":1,"2":1,"3":5,"4":5,"5":1,"6":1,"7":1,"8":1,"9":1,"10":1,"11":1,"12":1,"13":1,"14":1,"15":1,"16":1,"17":1,"18":1,"19":1,"20":1,"21":1,"22":4,"23":4,"24":4,"25":4,"26":4,"27":1,"28":1,"29":1,"30":4,"31":4,"32":2,"33":4,"34":2,"35":2,"36":2,"37":2,"38":2,"39":2,"40":2,"41":2,"42":2,"43":2,"44":2,"45":2,"46":2,"47":2,"48":2,"49":0,"50":2,"51":0,"52":0,"53":0,"54":0,"55":0,"56":2,"57":2,"58":2,"59":2,"60":2,"61":2,"62":0,"63":2,"64":0,"65":2,"66":2,"67":2,"68":2,"69":2,"70":2,"71":0,"72":2,"73":2,"74":0,"75":0,"76":0,"77":2,"78":1,"79":5,"80":3,"81":2,"82":1,"83":2,"84":2,"85":2,"86":2,"87":2,"88":2,"89":1,"90":5,"91":4,"92":5,"93":1,"94":1,"95":0,"96":0,"97":0,"98":0,"99":0,"100":0,"101":0,"102":0,"103":0,"104":0,"105":0,"106":0,"107":0,"108":0,"109":0,"110":0,"111":0,"112":0,"113":0,"114":0,"115":0,"116":0,"117":0,"118":0,"119":0,"120":0,"121":0,"122":0,"123":0,"124":0,"125":1,"126":8,"127":4,"128":2,"129":2,"130":0,"131":4,"132":4,"133":1,"134":2,"135":2,"136":2,"137":2,"138":0,"139":0,"140":0,"141":0,"142":0,"143":0,"144":1,"145":0,"146":0,"147":0,"148":1},"b":{"1":[5,0],"2":[4,0],"3":[2,2],"4":[2,2],"5":[2,0],"6":[2,0],"7":[2,0],"8":[2,0],"9":[0,2],"10":[0,2],"11":[0,2],"12":[2,0],"13":[2,0],"14":[0,2],"15":[0,2],"16":[2,0],"17":[0,2],"18":[2,0],"19":[0,0],"20":[3,2],"21":[2,0],"22":[2,0],"23":[2,0],"24":[4,1],"25":[0,0],"26":[0,0],"27":[0,0],"28":[0,0],"29":[0,0],"30":[0,0],"31":[0,0],"32":[0,0],"33":[4,4],"34":[2,2],"35":[0,2],"36":[2,0],"37":[0,0]},"f":{"1":1,"2":1,"3":1,"4":4,"5":1,"6":4,"7":0,"8":0,"9":2,"10":5,"11":2,"12":5,"13":0,"14":0,"15":8,"16":2,"17":0,"18":0},"fnMap":{"1":{"name":"(anonymous_1)","line":4,"loc":{"start":{"line":4,"column":14},"end":{"line":4,"column":38}}},"2":{"name":"ctor","line":4,"loc":{"start":{"line":4,"column":127},"end":{"line":4,"column":143}}},"3":{"name":"(anonymous_3)","line":24,"loc":{"start":{"line":24,"column":33},"end":{"line":24,"column":50}}},"4":{"name":"(anonymous_4)","line":25,"loc":{"start":{"line":25,"column":9},"end":{"line":25,"column":34}}},"5":{"name":"(anonymous_5)","line":35,"loc":{"start":{"line":35,"column":26},"end":{"line":35,"column":43}}},"6":{"name":"Shell","line":39,"loc":{"start":{"line":39,"column":2},"end":{"line":39,"column":27}}},"7":{"name":"(anonymous_7)","line":66,"loc":{"start":{"line":66,"column":29},"end":{"line":66,"column":40}}},"8":{"name":"(anonymous_8)","line":69,"loc":{"start":{"line":69,"column":36},"end":{"line":69,"column":48}}},"9":{"name":"(anonymous_9)","line":89,"loc":{"start":{"line":89,"column":21},"end":{"line":89,"column":32}}},"10":{"name":"(anonymous_10)","line":109,"loc":{"start":{"line":109,"column":33},"end":{"line":109,"column":44}}},"11":{"name":"(anonymous_11)","line":116,"loc":{"start":{"line":116,"column":30},"end":{"line":116,"column":48}}},"12":{"name":"(anonymous_12)","line":127,"loc":{"start":{"line":127,"column":24},"end":{"line":127,"column":41}}},"13":{"name":"(anonymous_13)","line":139,"loc":{"start":{"line":139,"column":24},"end":{"line":139,"column":42}}},"14":{"name":"(anonymous_14)","line":151,"loc":{"start":{"line":151,"column":11},"end":{"line":151,"column":25}}},"15":{"name":"(anonymous_15)","line":184,"loc":{"start":{"line":184,"column":24},"end":{"line":184,"column":47}}},"16":{"name":"(anonymous_16)","line":197,"loc":{"start":{"line":197,"column":27},"end":{"line":197,"column":38}}},"17":{"name":"(anonymous_17)","line":210,"loc":{"start":{"line":210,"column":48},"end":{"line":210,"column":59}}},"18":{"name":"(anonymous_18)","line":217,"loc":{"start":{"line":217,"column":25},"end":{"line":217,"column":42}}}},"statementMap":{"1":{"start":{"line":2,"column":0},"end":{"line":4,"column":290}},"2":{"start":{"line":4,"column":40},"end":{"line":4,"column":126}},"3":{"start":{"line":4,"column":66},"end":{"line":4,"column":124}},"4":{"start":{"line":4,"column":99},"end":{"line":4,"column":124}},"5":{"start":{"line":4,"column":127},"end":{"line":4,"column":172}},"6":{"start":{"line":4,"column":145},"end":{"line":4,"column":170}},"7":{"start":{"line":4,"column":173},"end":{"line":4,"column":207}},"8":{"start":{"line":4,"column":208},"end":{"line":4,"column":237}},"9":{"start":{"line":4,"column":238},"end":{"line":4,"column":273}},"10":{"start":{"line":4,"column":274},"end":{"line":4,"column":287}},"11":{"start":{"line":6,"column":0},"end":{"line":6,"column":23}},"12":{"start":{"line":8,"column":0},"end":{"line":8,"column":31}},"13":{"start":{"line":10,"column":0},"end":{"line":10,"column":27}},"14":{"start":{"line":12,"column":0},"end":{"line":12,"column":35}},"15":{"start":{"line":14,"column":0},"end":{"line":14,"column":27}},"16":{"start":{"line":16,"column":0},"end":{"line":16,"column":29}},"17":{"start":{"line":18,"column":0},"end":{"line":18,"column":31}},"18":{"start":{"line":20,"column":0},"end":{"line":20,"column":33}},"19":{"start":{"line":22,"column":0},"end":{"line":22,"column":42}},"20":{"start":{"line":24,"column":0},"end":{"line":33,"column":34}},"21":{"start":{"line":25,"column":2},"end":{"line":32,"column":4}},"22":{"start":{"line":26,"column":4},"end":{"line":26,"column":13}},"23":{"start":{"line":27,"column":4},"end":{"line":27,"column":49}},"24":{"start":{"line":28,"column":4},"end":{"line":30,"column":5}},"25":{"start":{"line":29,"column":6},"end":{"line":29,"column":47}},"26":{"start":{"line":31,"column":4},"end":{"line":31,"column":36}},"27":{"start":{"line":35,"column":0},"end":{"line":225,"column":17}},"28":{"start":{"line":37,"column":2},"end":{"line":37,"column":27}},"29":{"start":{"line":39,"column":2},"end":{"line":107,"column":3}},"30":{"start":{"line":40,"column":4},"end":{"line":41,"column":19}},"31":{"start":{"line":42,"column":4},"end":{"line":44,"column":5}},"32":{"start":{"line":43,"column":6},"end":{"line":43,"column":20}},"33":{"start":{"line":45,"column":4},"end":{"line":47,"column":5}},"34":{"start":{"line":46,"column":6},"end":{"line":46,"column":33}},"35":{"start":{"line":48,"column":4},"end":{"line":48,"column":28}},"36":{"start":{"line":49,"column":4},"end":{"line":49,"column":18}},"37":{"start":{"line":50,"column":4},"end":{"line":50,"column":29}},"38":{"start":{"line":51,"column":4},"end":{"line":53,"column":5}},"39":{"start":{"line":52,"column":6},"end":{"line":52,"column":27}},"40":{"start":{"line":54,"column":4},"end":{"line":56,"column":5}},"41":{"start":{"line":55,"column":6},"end":{"line":55,"column":35}},"42":{"start":{"line":57,"column":4},"end":{"line":59,"column":5}},"43":{"start":{"line":58,"column":6},"end":{"line":58,"column":37}},"44":{"start":{"line":60,"column":4},"end":{"line":60,"column":130}},"45":{"start":{"line":61,"column":4},"end":{"line":61,"column":118}},"46":{"start":{"line":62,"column":4},"end":{"line":62,"column":20}},"47":{"start":{"line":63,"column":4},"end":{"line":65,"column":7}},"48":{"start":{"line":66,"column":4},"end":{"line":68,"column":7}},"49":{"start":{"line":67,"column":6},"end":{"line":67,"column":32}},"50":{"start":{"line":69,"column":4},"end":{"line":75,"column":7}},"51":{"start":{"line":70,"column":6},"end":{"line":70,"column":30}},"52":{"start":{"line":71,"column":6},"end":{"line":71,"column":58}},"53":{"start":{"line":72,"column":6},"end":{"line":72,"column":31}},"54":{"start":{"line":73,"column":6},"end":{"line":73,"column":29}},"55":{"start":{"line":74,"column":6},"end":{"line":74,"column":28}},"56":{"start":{"line":76,"column":4},"end":{"line":76,"column":95}},"57":{"start":{"line":77,"column":4},"end":{"line":79,"column":5}},"58":{"start":{"line":78,"column":6},"end":{"line":78,"column":26}},"59":{"start":{"line":80,"column":4},"end":{"line":82,"column":5}},"60":{"start":{"line":81,"column":6},"end":{"line":81,"column":45}},"61":{"start":{"line":83,"column":4},"end":{"line":85,"column":5}},"62":{"start":{"line":84,"column":6},"end":{"line":84,"column":40}},"63":{"start":{"line":86,"column":4},"end":{"line":88,"column":5}},"64":{"start":{"line":87,"column":6},"end":{"line":87,"column":36}},"65":{"start":{"line":89,"column":4},"end":{"line":105,"column":7}},"66":{"start":{"line":90,"column":6},"end":{"line":90,"column":28}},"67":{"start":{"line":91,"column":6},"end":{"line":104,"column":7}},"68":{"start":{"line":92,"column":8},"end":{"line":92,"column":39}},"69":{"start":{"line":93,"column":8},"end":{"line":93,"column":41}},"70":{"start":{"line":94,"column":8},"end":{"line":98,"column":9}},"71":{"start":{"line":95,"column":10},"end":{"line":95,"column":36}},"72":{"start":{"line":96,"column":15},"end":{"line":98,"column":9}},"73":{"start":{"line":97,"column":10},"end":{"line":97,"column":32}},"74":{"start":{"line":100,"column":8},"end":{"line":100,"column":39}},"75":{"start":{"line":101,"column":8},"end":{"line":103,"column":9}},"76":{"start":{"line":102,"column":10},"end":{"line":102,"column":36}},"77":{"start":{"line":106,"column":4},"end":{"line":106,"column":16}},"78":{"start":{"line":109,"column":2},"end":{"line":114,"column":4}},"79":{"start":{"line":110,"column":4},"end":{"line":112,"column":5}},"80":{"start":{"line":111,"column":6},"end":{"line":111,"column":29}},"81":{"start":{"line":113,"column":4},"end":{"line":113,"column":97}},"82":{"start":{"line":116,"column":2},"end":{"line":125,"column":4}},"83":{"start":{"line":117,"column":4},"end":{"line":120,"column":5}},"84":{"start":{"line":118,"column":6},"end":{"line":118,"column":15}},"85":{"start":{"line":119,"column":6},"end":{"line":119,"column":18}},"86":{"start":{"line":121,"column":4},"end":{"line":123,"column":5}},"87":{"start":{"line":122,"column":6},"end":{"line":122,"column":20}},"88":{"start":{"line":124,"column":4},"end":{"line":124,"column":16}},"89":{"start":{"line":127,"column":2},"end":{"line":135,"column":4}},"90":{"start":{"line":128,"column":4},"end":{"line":133,"column":5}},"91":{"start":{"line":129,"column":6},"end":{"line":132,"column":9}},"92":{"start":{"line":134,"column":4},"end":{"line":134,"column":16}},"93":{"start":{"line":137,"column":2},"end":{"line":137,"column":28}},"94":{"start":{"line":139,"column":2},"end":{"line":182,"column":4}},"95":{"start":{"line":140,"column":4},"end":{"line":140,"column":36}},"96":{"start":{"line":141,"column":4},"end":{"line":141,"column":29}},"97":{"start":{"line":142,"column":4},"end":{"line":142,"column":36}},"98":{"start":{"line":143,"column":4},"end":{"line":143,"column":27}},"99":{"start":{"line":144,"column":4},"end":{"line":144,"column":16}},"100":{"start":{"line":145,"column":4},"end":{"line":145,"column":37}},"101":{"start":{"line":146,"column":4},"end":{"line":149,"column":7}},"102":{"start":{"line":150,"column":4},"end":{"line":150,"column":14}},"103":{"start":{"line":151,"column":4},"end":{"line":180,"column":6}},"104":{"start":{"line":152,"column":6},"end":{"line":152,"column":29}},"105":{"start":{"line":153,"column":6},"end":{"line":153,"column":34}},"106":{"start":{"line":154,"column":6},"end":{"line":166,"column":7}},"107":{"start":{"line":155,"column":8},"end":{"line":157,"column":9}},"108":{"start":{"line":156,"column":10},"end":{"line":156,"column":41}},"109":{"start":{"line":158,"column":8},"end":{"line":164,"column":9}},"110":{"start":{"line":159,"column":10},"end":{"line":159,"column":56}},"111":{"start":{"line":160,"column":10},"end":{"line":162,"column":11}},"112":{"start":{"line":161,"column":12},"end":{"line":161,"column":53}},"113":{"start":{"line":163,"column":10},"end":{"line":163,"column":24}},"114":{"start":{"line":165,"column":8},"end":{"line":165,"column":28}},"115":{"start":{"line":167,"column":6},"end":{"line":167,"column":34}},"116":{"start":{"line":168,"column":6},"end":{"line":179,"column":7}},"117":{"start":{"line":169,"column":8},"end":{"line":174,"column":9}},"118":{"start":{"line":170,"column":10},"end":{"line":170,"column":34}},"119":{"start":{"line":171,"column":10},"end":{"line":171,"column":51}},"120":{"start":{"line":173,"column":10},"end":{"line":173,"column":27}},"121":{"start":{"line":175,"column":13},"end":{"line":179,"column":7}},"122":{"start":{"line":176,"column":8},"end":{"line":176,"column":44}},"123":{"start":{"line":178,"column":8},"end":{"line":178,"column":22}},"124":{"start":{"line":181,"column":4},"end":{"line":181,"column":18}},"125":{"start":{"line":184,"column":2},"end":{"line":195,"column":4}},"126":{"start":{"line":185,"column":4},"end":{"line":194,"column":5}},"127":{"start":{"line":186,"column":6},"end":{"line":190,"column":7}},"128":{"start":{"line":187,"column":8},"end":{"line":187,"column":38}},"129":{"start":{"line":188,"column":13},"end":{"line":190,"column":7}},"130":{"start":{"line":189,"column":8},"end":{"line":189,"column":40}},"131":{"start":{"line":192,"column":6},"end":{"line":192,"column":35}},"132":{"start":{"line":193,"column":6},"end":{"line":193,"column":18}},"133":{"start":{"line":197,"column":2},"end":{"line":215,"column":4}},"134":{"start":{"line":198,"column":4},"end":{"line":198,"column":13}},"135":{"start":{"line":199,"column":4},"end":{"line":214,"column":5}},"136":{"start":{"line":200,"column":6},"end":{"line":202,"column":9}},"137":{"start":{"line":203,"column":6},"end":{"line":203,"column":69}},"138":{"start":{"line":205,"column":6},"end":{"line":205,"column":23}},"139":{"start":{"line":206,"column":6},"end":{"line":213,"column":7}},"140":{"start":{"line":207,"column":8},"end":{"line":207,"column":27}},"141":{"start":{"line":209,"column":8},"end":{"line":209,"column":43}},"142":{"start":{"line":210,"column":8},"end":{"line":212,"column":11}},"143":{"start":{"line":211,"column":10},"end":{"line":211,"column":32}},"144":{"start":{"line":217,"column":2},"end":{"line":221,"column":4}},"145":{"start":{"line":218,"column":4},"end":{"line":218,"column":22}},"146":{"start":{"line":219,"column":4},"end":{"line":219,"column":32}},"147":{"start":{"line":220,"column":4},"end":{"line":220,"column":41}},"148":{"start":{"line":223,"column":2},"end":{"line":223,"column":15}}},"branchMap":{"1":{"line":4,"type":"if","locations":[{"start":{"line":4,"column":66},"end":{"line":4,"column":66}},{"start":{"line":4,"column":66},"end":{"line":4,"column":66}}]},"2":{"line":28,"type":"if","locations":[{"start":{"line":28,"column":4},"end":{"line":28,"column":4}},{"start":{"line":28,"column":4},"end":{"line":28,"column":4}}]},"3":{"line":42,"type":"if","locations":[{"start":{"line":42,"column":4},"end":{"line":42,"column":4}},{"start":{"line":42,"column":4},"end":{"line":42,"column":4}}]},"4":{"line":45,"type":"if","locations":[{"start":{"line":45,"column":4},"end":{"line":45,"column":4}},{"start":{"line":45,"column":4},"end":{"line":45,"column":4}}]},"5":{"line":51,"type":"if","locations":[{"start":{"line":51,"column":4},"end":{"line":51,"column":4}},{"start":{"line":51,"column":4},"end":{"line":51,"column":4}}]},"6":{"line":54,"type":"if","locations":[{"start":{"line":54,"column":4},"end":{"line":54,"column":4}},{"start":{"line":54,"column":4},"end":{"line":54,"column":4}}]},"7":{"line":57,"type":"if","locations":[{"start":{"line":57,"column":4},"end":{"line":57,"column":4}},{"start":{"line":57,"column":4},"end":{"line":57,"column":4}}]},"8":{"line":60,"type":"cond-expr","locations":[{"start":{"line":60,"column":107},"end":{"line":60,"column":112}},{"start":{"line":60,"column":115},"end":{"line":60,"column":128}}]},"9":{"line":60,"type":"cond-expr","locations":[{"start":{"line":60,"column":67},"end":{"line":60,"column":72}},{"start":{"line":60,"column":75},"end":{"line":60,"column":95}}]},"10":{"line":61,"type":"cond-expr","locations":[{"start":{"line":61,"column":66},"end":{"line":61,"column":82}},{"start":{"line":61,"column":85},"end":{"line":61,"column":116}}]},"11":{"line":76,"type":"cond-expr","locations":[{"start":{"line":76,"column":61},"end":{"line":76,"column":66}},{"start":{"line":76,"column":69},"end":{"line":76,"column":94}}]},"12":{"line":77,"type":"if","locations":[{"start":{"line":77,"column":4},"end":{"line":77,"column":4}},{"start":{"line":77,"column":4},"end":{"line":77,"column":4}}]},"13":{"line":80,"type":"if","locations":[{"start":{"line":80,"column":4},"end":{"line":80,"column":4}},{"start":{"line":80,"column":4},"end":{"line":80,"column":4}}]},"14":{"line":83,"type":"if","locations":[{"start":{"line":83,"column":4},"end":{"line":83,"column":4}},{"start":{"line":83,"column":4},"end":{"line":83,"column":4}}]},"15":{"line":86,"type":"if","locations":[{"start":{"line":86,"column":4},"end":{"line":86,"column":4}},{"start":{"line":86,"column":4},"end":{"line":86,"column":4}}]},"16":{"line":91,"type":"if","locations":[{"start":{"line":91,"column":6},"end":{"line":91,"column":6}},{"start":{"line":91,"column":6},"end":{"line":91,"column":6}}]},"17":{"line":94,"type":"if","locations":[{"start":{"line":94,"column":8},"end":{"line":94,"column":8}},{"start":{"line":94,"column":8},"end":{"line":94,"column":8}}]},"18":{"line":96,"type":"if","locations":[{"start":{"line":96,"column":15},"end":{"line":96,"column":15}},{"start":{"line":96,"column":15},"end":{"line":96,"column":15}}]},"19":{"line":101,"type":"if","locations":[{"start":{"line":101,"column":8},"end":{"line":101,"column":8}},{"start":{"line":101,"column":8},"end":{"line":101,"column":8}}]},"20":{"line":110,"type":"if","locations":[{"start":{"line":110,"column":4},"end":{"line":110,"column":4}},{"start":{"line":110,"column":4},"end":{"line":110,"column":4}}]},"21":{"line":117,"type":"if","locations":[{"start":{"line":117,"column":4},"end":{"line":117,"column":4}},{"start":{"line":117,"column":4},"end":{"line":117,"column":4}}]},"22":{"line":121,"type":"if","locations":[{"start":{"line":121,"column":4},"end":{"line":121,"column":4}},{"start":{"line":121,"column":4},"end":{"line":121,"column":4}}]},"23":{"line":121,"type":"binary-expr","locations":[{"start":{"line":121,"column":8},"end":{"line":121,"column":21}},{"start":{"line":121,"column":25},"end":{"line":121,"column":50}}]},"24":{"line":128,"type":"if","locations":[{"start":{"line":128,"column":4},"end":{"line":128,"column":4}},{"start":{"line":128,"column":4},"end":{"line":128,"column":4}}]},"25":{"line":154,"type":"if","locations":[{"start":{"line":154,"column":6},"end":{"line":154,"column":6}},{"start":{"line":154,"column":6},"end":{"line":154,"column":6}}]},"26":{"line":155,"type":"if","locations":[{"start":{"line":155,"column":8},"end":{"line":155,"column":8}},{"start":{"line":155,"column":8},"end":{"line":155,"column":8}}]},"27":{"line":158,"type":"if","locations":[{"start":{"line":158,"column":8},"end":{"line":158,"column":8}},{"start":{"line":158,"column":8},"end":{"line":158,"column":8}}]},"28":{"line":160,"type":"if","locations":[{"start":{"line":160,"column":10},"end":{"line":160,"column":10}},{"start":{"line":160,"column":10},"end":{"line":160,"column":10}}]},"29":{"line":161,"type":"binary-expr","locations":[{"start":{"line":161,"column":28},"end":{"line":161,"column":39}},{"start":{"line":161,"column":43},"end":{"line":161,"column":51}}]},"30":{"line":168,"type":"if","locations":[{"start":{"line":168,"column":6},"end":{"line":168,"column":6}},{"start":{"line":168,"column":6},"end":{"line":168,"column":6}}]},"31":{"line":169,"type":"if","locations":[{"start":{"line":169,"column":8},"end":{"line":169,"column":8}},{"start":{"line":169,"column":8},"end":{"line":169,"column":8}}]},"32":{"line":175,"type":"if","locations":[{"start":{"line":175,"column":13},"end":{"line":175,"column":13}},{"start":{"line":175,"column":13},"end":{"line":175,"column":13}}]},"33":{"line":185,"type":"if","locations":[{"start":{"line":185,"column":4},"end":{"line":185,"column":4}},{"start":{"line":185,"column":4},"end":{"line":185,"column":4}}]},"34":{"line":186,"type":"if","locations":[{"start":{"line":186,"column":6},"end":{"line":186,"column":6}},{"start":{"line":186,"column":6},"end":{"line":186,"column":6}}]},"35":{"line":188,"type":"if","locations":[{"start":{"line":188,"column":13},"end":{"line":188,"column":13}},{"start":{"line":188,"column":13},"end":{"line":188,"column":13}}]},"36":{"line":199,"type":"if","locations":[{"start":{"line":199,"column":4},"end":{"line":199,"column":4}},{"start":{"line":199,"column":4},"end":{"line":199,"column":4}}]},"37":{"line":206,"type":"if","locations":[{"start":{"line":206,"column":6},"end":{"line":206,"column":6}},{"start":{"line":206,"column":6},"end":{"line":206,"column":6}}]}},"code":["// Generated by CoffeeScript 1.4.0","var EventEmitter, Interface, Request, Response, Shell, events, readline, styles, util, utils,","  __hasProp = {}.hasOwnProperty,","  __extends = function(child, parent) { for (var key in parent) { if (__hasProp.call(parent, key)) child[key] = parent[key]; } function ctor() { this.constructor = child; } ctor.prototype = parent.prototype; child.prototype = new ctor(); child.__super__ = parent.prototype; return child; };","","util = require('util');","","readline = require('readline');","","events = require('events');","","EventEmitter = events.EventEmitter;","","utils = require('./utils');","","styles = require('./Styles');","","Request = require('./Request');","","Response = require('./Response');","","Interface = require('readline').Interface;","","Interface.prototype.setPrompt = (function(parent) {","  return function(prompt, length) {","    var args;","    args = Array.prototype.slice.call(arguments);","    if (!args[1]) {","      args[1] = styles.unstyle(args[0]).length;","    }","    return parent.apply(this, args);","  };","})(Interface.prototype.setPrompt);","","module.exports = Shell = (function(_super) {","","  __extends(Shell, _super);","","  function Shell(settings) {","    var _base, _base1, _base2, _ref, _ref1, _ref2, _ref3, _ref4, _ref5, _ref6,","      _this = this;","    if (settings == null) {","      settings = {};","    }","    if (!(this instanceof Shell)) {","      return new Shell(settings);","    }","    EventEmitter.call(this);","    this.tmp = {};","    this.settings = settings;","    if ((_ref = (_base = this.settings).prompt) == null) {","      _base.prompt = '>> ';","    }","    if ((_ref1 = (_base1 = this.settings).stdin) == null) {","      _base1.stdin = process.stdin;","    }","    if ((_ref2 = (_base2 = this.settings).stdout) == null) {","      _base2.stdout = process.stdout;","    }","    this.set('env', (_ref3 = (_ref4 = this.settings.env) != null ? _ref4 : process.env.NODE_ENV) != null ? _ref3 : 'development');","    this.set('command', typeof settings.command !== 'undefined' ? settings.command : process.argv.slice(2).join(' '));","    this.stack = [];","    this.styles = styles({","      stdout: this.settings.stdout","    });","    process.on('beforeExit', function() {","      return _this.emit('exit');","    });","    process.on('uncaughtException', function(e) {","      _this.emit('exit', [e]);","      _this.styles.red('Internal error, closing...').ln();","      console.error(e.message);","      console.error(e.stack);","      return process.exit();","    });","    this.isShell = (_ref5 = this.settings.isShell) != null ? _ref5 : process.argv.length === 2;","    if (this.isShell) {","      this[\"interface\"]();","    }","    if ((_ref6 = settings.workspace) == null) {","      settings.workspace = utils.workspace();","    }","    if (settings.chdir === true) {","      process.chdir(settings.workspace);","    }","    if (typeof settings.chdir === 'string') {","      process.chdir(settings.chdir);","    }","    process.nextTick(function() {","      var command, noPrompt;","      if (_this.isShell) {","        command = _this.set('command');","        noPrompt = _this.set('noPrompt');","        if (command) {","          return _this.run(command);","        } else if (!noPrompt) {","          return _this.prompt();","        }","      } else {","        command = _this.set('command');","        if (command) {","          return _this.run(command);","        }","      }","    });","    return this;","  }","","  Shell.prototype[\"interface\"] = function() {","    if (this._interface != null) {","      return this._interface;","    }","    return this._interface = readline.createInterface(this.settings.stdin, this.settings.stdout);","  };","","  Shell.prototype.configure = function(env, fn) {","    if (typeof env === 'function') {","      fn = env;","      env = 'all';","    }","    if (env === 'all' || env === this.settings.env) {","      fn.call(this);","    }","    return this;","  };","","  Shell.prototype.use = function(handle) {","    if (handle) {","      this.stack.push({","        route: null,","        handle: handle","      });","    }","    return this;","  };","","  Shell.prototype.cmds = {};","","  Shell.prototype.run = function(command) {","    var index, next, req, res, self;","    command = command.trim();","    this.emit('command', [command]);","    this.emit(command, []);","    self = this;","    req = new Request(this, command);","    res = new Response({","      shell: this,","      stdout: this.settings.stdout","    });","    index = 0;","    next = function(err) {","      var arity, layer, text;","      layer = self.stack[index++];","      if (!layer) {","        if (err) {","          return self.emit('error', err);","        }","        if (command !== '') {","          text = \"Command failed to execute \" + command;","          if (err) {","            text += \": \" + (err.message || err.name);","          }","          res.red(text);","        }","        return res.prompt();","      }","      arity = layer.handle.length;","      if (err) {","        if (arity === 4) {","          self.emit('error', err);","          return layer.handle(err, req, res, next);","        } else {","          return next(err);","        }","      } else if (arity < 4) {","        return layer.handle(req, res, next);","      } else {","        return next();","      }","    };","    return next();","  };","","  Shell.prototype.set = function(setting, val) {","    if (!(val != null)) {","      if (this.settings.hasOwnProperty(setting)) {","        return this.settings[setting];","      } else if (this.parent) {","        return this.parent.set(setting);","      }","    } else {","      this.settings[setting] = val;","      return this;","    }","  };","","  Shell.prototype.prompt = function() {","    var text;","    if (this.isShell) {","      text = this.styles.raw(this.settings.prompt, {","        color: 'green'","      });","      return this[\"interface\"]().question(text, this.run.bind(this));","    } else {","      this.styles.ln();","      if (process.versions) {","        return this.quit();","      } else {","        this.settings.stdout.destroySoon();","        return this.settings.stdout.on('close', function() {","          return process.exit();","        });","      }","    }","  };","","  Shell.prototype.quit = function(params) {","    this.emit('quit');","    this[\"interface\"]().close();","    return this.settings.stdin.destroy();","  };","","  return Shell;","","})(EventEmitter);",""],"l":{"2":1,"4":5,"6":1,"8":1,"10":1,"12":1,"14":1,"16":1,"18":1,"20":1,"22":1,"24":1,"25":1,"26":4,"27":4,"28":4,"29":4,"31":4,"35":1,"37":1,"39":1,"40":4,"42":4,"43":2,"45":4,"46":2,"48":2,"49":2,"50":2,"51":2,"
[...]
n":3}},"14":{"start":{"line":22,"column":4},"end":{"line":22,"column":45}},"15":{"start":{"line":24,"column":2},"end":{"line":26,"column":3}},"16":{"start":{"line":25,"column":4},"end":{"line":25,"column":32}},"17":{"start":{"line":27,"column":2},"end":{"line":62,"column":5}},"18":{"start":{"line":28,"column":4},"end":{"line":28,"column":32}},"19":{"start":{"line":29,"column":4},"end":{"line":52,"column":6}},"20":{"start":{"line":30,"column":6},"end":{"line":30,"column":25}},"21":{"start":{"line":31,"column":6},"end":{"line":31,"column":16}},"22":{"start":{"line":32,"column":6},"end":{"line":32,"column":21}},"23":{"start":{"line":33,"column":6},"end":{"line":35,"column":7}},"24":{"start":{"line":34,"column":8},"end":{"line":34,"column":27}},"25":{"start":{"line":36,"column":6},"end":{"line":38,"column":7}},"26":{"start":{"line":37,"column":8},"end":{"line":37,"column":30}},"27":{"start":{"line":39,"column":6},"end":{"line":41,"column":7}},"28":{"start":{"line":40,"column":8},"end":{"line":40,"column":33}},"29":{"start":{"line":42,"column":6},"end":{"line":42,"column":76}},"30":{"start":{"line":43,"column":6},"end":{"line":45,"column":9}},"31":{"start":{"line":44,"column":8},"end":{"line":44,"column":30}},"32":{"start":{"line":46,"column":6},"end":{"line":48,"column":9}},"33":{"start":{"line":47,"column":8},"end":{"line":47,"column":33}},"34":{"start":{"line":49,"column":6},"end":{"line":51,"column":9}},"35":{"start":{"line":50,"column":8},"end":{"line":50,"column":28}},"36":{"start":{"line":53,"column":4},"end":{"line":53,"column":51}},"37":{"start":{"line":54,"column":4},"end":{"line":59,"column":5}},"38":{"start":{"line":55,"column":6},"end":{"line":55,"column":20}},"39":{"start":{"line":56,"column":6},"end":{"line":58,"column":7}},"40":{"start":{"line":57,"column":8},"end":{"line":57,"column":22}},"41":{"start":{"line":60,"column":4},"end":{"line":60,"column":43}},"42":{"start":{"line":61,"column":4},"end":{"line":61,"column":24}},"43":{"start":{"line":63,"column":2},"end":{"line":63,"column":87}}},"branchMap":{"1":{"line":8,"type":"binary-expr","locations":[{"start":{"line":8,"column":13},"end":{"line":8,"column":26}},{"start":{"line":8,"column":30},"end":{"line":8,"column":45}}]},"2":{"line":14,"type":"if","locations":[{"start":{"line":14,"column":2},"end":{"line":14,"column":2}},{"start":{"line":14,"column":2},"end":{"line":14,"column":2}}]},"3":{"line":18,"type":"if","locations":[{"start":{"line":18,"column":2},"end":{"line":18,"column":2}},{"start":{"line":18,"column":2},"end":{"line":18,"column":2}}]},"4":{"line":21,"type":"if","locations":[{"start":{"line":21,"column":2},"end":{"line":21,"column":2}},{"start":{"line":21,"column":2},"end":{"line":21,"column":2}}]},"5":{"line":24,"type":"if","locations":[{"start":{"line":24,"column":2},"end":{"line":24,"column":2}},{"start":{"line":24,"column":2},"end":{"line":24,"column":2}}]},"6":{"line":33,"type":"if","locations":[{"start":{"line":33,"column":6},"end":{"line":33,"column":6}},{"start":{"line":33,"column":6},"end":{"line":33,"column":6}}]},"7":{"line":36,"type":"if","locations":[{"start":{"line":36,"column":6},"end":{"line":36,"column":6}},{"start":{"line":36,"column":6},"end":{"line":36,"column":6}}]},"8":{"line":39,"type":"if","locations":[{"start":{"line":39,"column":6},"end":{"line":39,"column":6}},{"start":{"line":39,"column":6},"end":{"line":39,"column":6}}]},"9":{"line":56,"type":"if","locations":[{"start":{"line":56,"column":6},"end":{"line":56,"column":6}},{"start":{"line":56,"column":6},"end":{"line":56,"column":6}}]}},"code":["// Generated by CoffeeScript 1.4.0","var exec, existsSync, fs, path;","","fs = require('fs');","","path = require('path');","","existsSync = fs.existsSync || path.existsSync;","","exec = require('child_process').exec;","","module.exports = function(settings) {","  var shell, _ref, _ref1;","  if (!settings.shell) {","    throw new Error('No shell provided');","  }","  shell = settings.shell;","  if ((_ref = settings.workspace) == null) {","    settings.workspace = shell.set('workspace');","  }","  if (!settings.workspace) {","    throw new Error('No workspace provided');","  }","  if ((_ref1 = settings.glob) == null) {","    settings.glob = 'test/*.js';","  }","  shell.cmd('test', 'Run all test', function(req, res, next) {","    var p, paths, run, _i, _len;","    run = function(cmd) {","      var args, expresso;","      args = [];","      args.push(cmd);","      if (settings.coverage) {","        args.push('--cov');","      }","      if (settings.serial) {","        args.push('--serial');","      }","      if (settings.glob) {","        args.push(settings.glob);","      }","      expresso = exec('cd ' + settings.workspace + ' && ' + args.join(' '));","      expresso.stdout.on('data', function(data) {","        return res.cyan(data);","      });","      expresso.stderr.on('data', function(data) {","        return res.magenta(data);","      });","      return expresso.on('exit', function(code) {","        return res.prompt();","      });","    };","    paths = [].concat(module.paths, require.paths);","    for (_i = 0, _len = paths.length; _i < _len; _i++) {","      p = paths[_i];","      if (existsSync(p + '/expresso/bin/expresso')) {","        return run(p);","      }","    }","    res.magenta('Expresso not found').ln();","    return res.prompt();","  });","  return shell.cmd('test :pattern', 'Run specific tests', function(req, res, next) {});","};",""],"l":{"2":1,"4":1,"6":1,"8":1,"10":1,"12":1,"13":0,"14":0,"15":0,"17":0,"18":0,"19":0,"21":0,"22":0,"24":0,"25":0,"27":0,"28":0,"29":0,"30":0,"31":0,"32":0,"33":0,"34":0,"36":0,"37":0,"39":0,"40":0,"42":0,"43":0,"44":0,"46":0,"47":0,"49":0,"50":0,"53":0,"54":0,"55":0,"56":0,"57":0,"60":0,"61":0,"63":0}},"/home/travis/build/npmtest/node-npmtest-shell/node_modules/shell/lib/routes/confirm.js":{"path":"/home/travis/build/npmtest/node-npmtest-shell/node_modules/shell/lib/routes/confirm.js","s":{"1":1,"2":0,"3":0,"4":0,"5":0,"6":0},"b":{"1":[0,0]},"f":{"1":0,"2":0,"3":0},"fnMap":{"1":{"name":"(anonymous_1)","line":24,"loc":{"start":{"line":24,"column":17},"end":{"line":24,"column":35}}},"2":{"name":"(anonymous_2)","line":25,"loc":{"start":{"line":25,"column":9},"end":{"line":25,"column":34}}},"3":{"name":"(anonymous_3)","line":26,"loc":{"start":{"line":26,"column":38},"end":{"line":26,"column":58}}}},"statementMap":{"1":{"start":{"line":24,"column":0},"end":{"line":33,"column":2}},"2":{"start":{"line":25,"column":2},"end":{"line":32,"column":4}},"3":{"start":{"line":26,"column":4},"end":{"line":31,"column":7}},"4":{"start":{"line":27,"column":6},"end":{"line":29,"column":7}},"5":{"start":{"line":28,"column":8},"end":{"line":28,"column":28}},"6":{"start":{"line":30,"column":6},"end":{"line":30,"column":20}}},"branchMap":{"1":{"line":27,"type":"if","locations":[{"start":{"line":27,"column":6},"end":{"line":27,"column":6}},{"start":{"line":27,"column":6},"end":{"line":27,"column":6}}]}},"code":["// Generated by CoffeeScript 1.4.0","/*","","Confirm route","=============","","The `confirm` route ask the user if he want to continue the process. If the answer is `true`, the following routes are executed. Otherwise, the process is stoped.","","```javascript","var app = new shell();","app.configure(function() {","  app.use(shell.router({","    shell: app","  }));","});","app.cmd('install', [","  shell.routes.confirm('Do you confirm?'),","  my_app.routes.download,","  my_app.routes.configure","]);","```","*/","","module.exports = function(message) {","  return function(req, res, next) {","    return req.confirm(message, true, function(confirmed) {","      if (!confirmed) {","        return res.prompt();","      }","      return next();","    });","  };","};",""],"l":{"24":1,"25":0,"26":0,"27":0,"28":0,"30":0}},"/home/travis/build/npmtest/node-npmtest-shell/node_modules/shell/lib/routes/prompt.js":{"path":"/home/travis/build/npmtest/node-npmtest-shell/node_modules/shell/lib/routes/prompt.js","s":{"1":1,"2":0,"3":0,"4":0,"5":0,"6":0,"7":0,"8":0,"9":0},"b":{"1":[0,0]},"f":{"1":0,"2":0},"fnMap":{"1":{"name":"(anonymous_1)","line":24,"loc":{"start":{"line":24,"column":17},"end":{"line":24,"column":42}}},"2":{"name":"(anonymous_2)","line":28,"loc":{"start":{"line":28,"column":11},"end":{"line":28,"column":36}}}},"statementMap":{"1":{"start":{"line":24,"column":0},"end":{"line":36,"column":2}},"2":{"start":{"line":25,"column":2},"end":{"line":25,"column":14}},"3":{"start":{"line":26,"column":2},"end":{"line":35,"column":3}},"4":{"start":{"line":27,"column":4},"end":{"line":27,"column":27}},"5":{"start":{"line":28,"column":4},"end":{"line":32,"column":6}},"6":{"start":{"line":29,"column":6},"end":{"line":29,"column":25}},"7":{"start":{"line":30,"column":6},"end":{"line":30,"column":15}},"8":{"start":{"line":31,"column":6},"end":{"line":31,"column":26}},"9":{"start":{"line":34,"column":4},"end":{"line":34,"column":24}}},"branchMap":{"1":{"line":26,"type":"if","locations":[{"start":{"line":26,"column":2},"end":{"line":26,"column":2}},{"start":{"line":26,"column":2},"end":{"line":26,"column":2}}]}},"code":["// Generated by CoffeeScript 1.4.0","/*","","Prompt route","============","","The `prompt` route is a convenient function to stop command once a few routes are executed. You can simply pass the the `shell.routes.prompt` function or call it with a message argument.","","```javascript","var app = new shell();","app.configure(function() {","  app.use(shell.router({","    shell: app","  }));","});","app.cmd('install', [","  my_app.routes.download,","  my_app.routes.configure,","  shell.routes.prompt('Installation is finished')","]);","```","*/","","module.exports = function(req, res, next) {","  var message;","  if (arguments.length === 1) {","    message = arguments[0];","    return function(req, res, next) {","      res.white(message);","      res.ln();","      return res.prompt();","    };","  } else {","    return res.prompt();","  }","};",""],"l":{"24":1,"25":0,"26":0,"27":0,"28":0,"29":0,"30":0,"31":0,"34":0}},"/home/travis/build/npmtest/node-npmtest-shell/node_modules/shell/lib/routes/shellOnly.js":{"path":"/home/travis/build/npmtest/node-npmtest-shell/node_modules/shell/lib/routes/shellOnly.js","s":{"1":1,"2":0,"3":0,"4":0,"5":0,"6":0},"b":{"1":[0,0]},"f":{"1":0},"fnMap":{"1":{"name":"(anonymous_1)","line":10,"loc":{"start":{"line":10,"column":17},"end":{"line":10,"column":42}}}},"statementMap":{"1":{"start":{"line":10,"column":0},"end":{"line":17,"column":2}},"2":{"start":{"line":11,"column":2},"end":{"line":15,"column":3}},"3":{"start":{"line":12,"column":4},"end":{"line":12,"column":67}},"4":{"start":{"line":13,"column":4},"end":{"line":13,"column":17}},"5":{"start":{"line":14,"column":4},"end":{"line":14,"column":11}},"6":{"start":{"line":16,"column":2},"end":{"line":16,"column":16}}},"branchMap":{"1":{"line":11,"type":"if","locations":[{"start":{"line":11,"column":2},"end":{"line":11,"column":2}},{"start":{"line":11,"column":2},"end":{"line":11,"column":2}}]}},"code":["// Generated by CoffeeScript 1.4.0","/*","","`routes.shellOnly`","==================","","Ensure the current process is running in shell mode.","*/","","module.exports = function(req, res, next) {","  if (!req.shell.isShell) {","    res.red('Command may only be executed inside a running shell');","    res.prompt();","    return;","  }","  return next();","};",""],"l":{"10":1,"11":0,"12":0,"13":0,"14":0,"16":0}},"/home/travis/build/npmtest/node-npmtest-shell/node_modules/shell/lib/routes/timeout.js":{"path":"/home/travis/build/npmtest/node-npmtest-shell/node_modules/shell/lib/routes/timeout.js","s":{"1":1,"2":0,"3":0},"b":{},"f":{"1":0,"2":0},"fnMap":{"1":{"name":"(anonymous_1)","line":24,"loc":{"start":{"line":24,"column":17},"end":{"line":24,"column":35}}},"2":{"name":"(anonymous_2)","line":25,"loc":{"start":{"line":25,"column":9},"end":{"line":25,"column":34}}}},"statementMap":{"1":{"start":{"line":24,"column":0},"end":{"line":28,"column":2}},"2":{"start":{"line":25,"column":2},"end":{"line":27,"column":4}},"3":{"start":{"line":26,"column":4},"end":{"line":26,"column":37}}},"branchMap":{},"code":["// Generated by CoffeeScript 1.4.0","/*","","Timeout route","=============","","The `timeout` route will wait for the provided period (in millisenconds) before executing the following route.","","```javascript","var app = new shell();","app.configure(function() {","  app.use(shell.router({","    shell: app","  }));","});","app.cmd('restart', [","  my_app.routes.stop,","  shell.routes.timeout(1000),","  my_app.routes.start","]);","```","*/","","module.exports = function(timeout) {","  return function(req, res, next) {","    return setTimeout(timeout, next);","  };","};",""],"l":{"24":1,"25":0,"26":0}},"/home/travis/build/npmtest/node-npmtest-shell/node_modules/shell/samples/cloud9/sample.js":{"path":"/home/travis/build/npmtest/node-npmtest-shell/node_modules/shell/samples/cloud9/sample.js","s":{"1":1,"2":1,"3":1,"4":1,"5":1,"6":1,"7":1},"b":{},"f":{"1":1},"fnMap":{"1":{"name":"(anonymous_1)","line":7,"loc":{"start":{"line":7,"column":18},"end":{"line":7,"column":29}}}},"statementMap":{"1":{"start":{"line":3,"column":4},"end":{"line":3,"column":33}},"2":{"start":{"line":5,"column":4},"end":{"line":5,"column":22}},"3":{"start":{"line":7,"column":4},"end":{"line":26,"column":7}},"4":{"start":{"line":8,"column":8},"end":{"line":10,"column":12}},"5":{"start":{"line":11,"column":8},"end":{"line":18,"column":12}},"6":{"start":{"line":19,"column":8},"end":{"line":21,"column":12}},"7":{"start":{"line":22,"column":8},"end":{"line":25,"column":12}}},"branchMap":{},"code":["//#!/usr/bin/env node","","    var shell = require('shell');","    ","    var app = shell();","    ","    app.configure(function() {","        app.use(shell.history({","            shell: app","        }));","        app.use(shell.cloud9({","            ip: '0.0.0.0',","            port: '8999',","            stdout: __dirname+'/cloud9.out.log',","            stderr: __dirname+'/cloud9.err.log',","            pidfile: __dirname+'/cloud9.pid',","            detached: true","        }));","        app.use(shell.router({","            shell: app","        }));","        app.use(shell.help({","            shell: app,","            introduction: true","        }));","    });","    "],"l":{"3":1,"5":1,"7":1,"8":1,"11":1,"19":1,"22":1}},"/home/travis/build/npmtest/node-npmtest-shell/node_modules/shell/samples/http/app.js":{"path":"/home/travis/build/npmtest/node-npmtest-shell/node_modules/shell/samples/http/app.js","s":{"1":2,"2":0,"3":0,"4":0,"5":0,"6":0,"7":0,"8":0,"9":0,"10":0,"11":0,"12":0,"13":0},"b":{},"f":{"1":0,"2":0},"fnMap":{"1":{"name":"(anonymous_1)","line":6,"loc":{"start":{"line":6,"column":14},"end":{"line":6,"column":24}}},"2":{"name":"(anonymous_2)","line":16,"loc":{"start":{"line":16,"column":13},"end":{"line":16,"column":37}}}},"statementMap":{"1":{"start":{"line":2,"column":0},"end":{"line":2,"column":33}},"2":{"start":{"line":4,"column":0},"end":{"line":4,"column":50}},"3":{"start":{"line":6,"column":0},"end":{"line":14,"column":3}},"4":{"start":{"line":7,"column":4},"end":{"line":7,"column":31}},"5":{"start":{"line":8,"column":4},"end":{"line":8,"column":38}},"6":{"start":{"line":9,"column":4},"end":{"line":9,"column":34}},"7":{"start":{"line":10,"column":4},"end":{"line":10,"column":36}},"8":{"start":{"line":11,"column":4},"end":{"line":11,"column":48}},"9":{"start":{"line":12,"column":4},"end":{"line":12,"column":24}},"10":{"start":{"line":13,"column":4},"end":{"line":13,"column":77}},"11":{"start":{"line":16,"column":0},"end":{"line":18,"column":3}},"12":{"start":{"line":17,"column":4},"end":{"line":17,"column":24}},"13":{"start":{"line":20,"column":0},"end":{"line":20,"column":17}}},"branchMap":{},"code":["","var express = require('express');","","var app = module.exports = express.createServer();","","app.configure(function(){","    app.use(express.favicon());","    app.use(express.methodOverride());","    app.use(express.bodyParser());","    app.use(express.cookieParser());","    app.use(express.session({secret:'my key'}));","    app.use(app.router);","    app.use(express.errorHandler({ showStack: true, dumpExceptions: true }));","});","","app.get('/', function(req, res, next){","    res.send('Welcome');","});","","app.listen(3000);"],"l":{"2":2,"4":0,"6":0,"7":0,"8":0,"9":0,"10":0,"11":0,"12":0,"13":0,"16":0,"17":0,"20":0}},"/home/travis/build/npmtest/node-npmtest-shell/node_modules/shell/samples/params/ami.js":{"path":"/home/travis/build/npmtest/node-npmtest-shell/node_modules/shell/samples/params/ami.js","s":{"1":1,"2":1,"3":1,"4":1,"5":1,"6":1,"7":0,"8":0,"9":0,"10":1,"11":0,"12":0,"13":0,"14":1,"15":0,"16":0,"17":1,"18":0},"b":{"1":[0,0]},"f":{"1":1,"2":0,"3":0,"4":0,"5":0,"6":0},"fnMap":{"1":{"name":"(anonymous_1)","line":7,"loc":{"start":{"line":7,"column":18},"end":{"line":7,"column":28}}},"2":{"name":"(anonymous_2)","line":13,"loc":{"start":{"line":13,"column":15},"end":{"line":13,"column":39}}},"3":{"name":"(anonymous_3)","line":21,"loc":{"start":{"line":21,"column":21},"end":{"line":21,"column":45}}},"4":{"name":"(anonymous_4)","line":22,"loc":{"start":{"line":22,"column":20},"end":{"line":22,"column":49}}},"5":{"name":"(anonymous_5)","line":28,"loc":{"start":{"line":28,"column":20},"end":{"line":28,"column":38}}},"6":{"name":"(anonymous_6)","line":33,"loc":{"start":{"line":33,"column":31},"end":{"line":33,"column":49}}}},"statementMap":{"1":{"start":{"line":3,"column":4},"end":{"line":3,"column":33}},"2":{"start":{"line":4,"column":4},"end":{"line":4,"column":45}},"3":{"start":{"line":6,"column":4},"end":{"line":6,"column":22}},"4":{"start":{"line":7,"column":4},"end":{"line":11,"column":7}},"5":{"start":{"line":8,"column":8},"end":{"line":10,"column":12}},"6":{"start":{"line":13,"column":4},"end":{"line":19,"column":5}},"7":{"start":{"line":14,"column":5},"end":{"line":18,"column":6}},"8":{"start":{"line":15,"column":6},"end":{"line":15,"column":12}},"9":{"start":{"line":17,"column":6},"end":{"line":17,"column":32}},"10":{"start":{"line":21,"column":4},"end":{"line":26,"column":7}},"11":{"start":{"line":22,"column":5},"end":{"line":25,"column":8}},"12":{"start":{"line":23,"column":6},"end":{"line":23,"column":35}},"13":{"start":{"line":24,"column":6},"end":{"line":24,"column":13}},"14":{"start":{"line":28,"column":4},"end":{"line":31,"column":7}},"15":{"start":{"line":29,"column":5},"end":{"line":29,"column":72}},"16":{"start":{"line":30,"column":5},"end":{"line":30,"column":17}},"17":{"start":{"line":33,"column":4},"end":{"line":35,"column":7}},"18":{"start":{"line":34,"column":5},"end":{"line":34,"column":53}}},"branchMap":{"1":{"line":14,"type":"if","locations":[{"start":{"line":14,"column":5},"end":{"line":14,"column":5}},{"start":{"line":14,"column":5},"end":{"line":14,"column":5}}]}},"code":["//#!/usr/bin/env node","","    var shell = require('../..');","    var exec = require('child_process').exec;","","    var app = shell();","    app.configure(function(){","        app.use(shell.router({","            shell: app","        }));","    });","    // Route middleware","    var auth = function(req, res, next){","    \tif(req.params.uid == process.getuid()){","    \t\tnext()","    \t}else{","    \t\tthrow new Error('Not me');","    \t}","    }","    // Global parameter substitution","    app.param('uid', function(req, res, next){","    \texec('whoami', function(err, stdout, sdterr){","    \t\treq.params.username = stdout;","    \t\tnext();","    \t});","    });","    // Simple command","    app.cmd('help', function(req, res){","    \tres.cyan('Run this command `./ami user ' + process.getuid() + '`');","    \tres.prompt()","    });","    // Command with parameter and two route middlewares","    app.cmd('user :uid', auth, function(req, res){","    \tres.cyan('Yes, you are ' + req.params.username);","    });",""],"l":{"3":1,"4":1,"6":1,"7":1,"8":1,"13":1,"14":0,"15":0,"17":0,"21":1,"22":0,"23":0,"24":0,"28":1,"29":0,"30":0,"33":1,"34":0}}}